2025-04-29 08:31:53 - Usuario encontrado: Array
(
    [id_usuario] => 1
    [nombre] => brunito
    [apellido] => barber
    [email] => brunocameille@alumnos.itr3.edu.ar
    [contrasena] => $2y$10$F4xQfULyrVhG1JD8Y21QR.vgn9Fzd257acxjmQqHQ3OYfEqBaAPb6
    [direccion_id] => 0
    [id_rol] => 3
    [created_at] => 2025-04-07 13:37:30
    [updated_at] => 2025-04-29 08:11:56
    [invitado_por] => 
)

2025-04-29 08:31:53 - ID Rol del usuario: 3
2025-04-29 08:31:53 - Rol asignado: supervisor
2025-04-29 08:31:53 - Datos de usuario guardados en sesión: Array
(
    [id_usuario] => 1
    [email] => brunocameille@alumnos.itr3.edu.ar
    [rol] => supervisor
    [logged_in] => 1
)

2025-04-29 08:31:53 - Datos en sesión después de guardar: Array
(
    [__ci_last_regenerate] => 1745926066
    [_ci_previous_url] => http://192.168.2.176/Tesina/public/autenticacion/login
    [id_usuario] => 1
    [email] => brunocameille@alumnos.itr3.edu.ar
    [rol] => supervisor
    [logged_in] => 1
)

2025-04-29 08:58:58 - Usuario encontrado: Array
(
    [id_usuario] => 1
    [nombre] => brunito
    [apellido] => barber
    [email] => brunocameille@alumnos.itr3.edu.ar
    [contrasena] => $2y$10$F4xQfULyrVhG1JD8Y21QR.vgn9Fzd257acxjmQqHQ3OYfEqBaAPb6
    [direccion_id] => 0
    [id_rol] => 1
    [created_at] => 2025-04-07 13:37:30
    [updated_at] => 2025-04-29 08:54:29
    [invitado_por] => 
)

2025-04-29 08:58:58 - ID Rol del usuario: 1
2025-04-29 08:58:58 - Rol asignado: admin
2025-04-29 08:58:58 - Datos de usuario guardados en sesión: Array
(
    [id_usuario] => 1
    [email] => brunocameille@alumnos.itr3.edu.ar
    [rol] => admin
    [logged_in] => 1
)

2025-04-29 08:58:58 - Datos en sesión después de guardar: Array
(
    [__ci_last_regenerate] => 1745927930
    [_ci_previous_url] => http://192.168.2.176/Tesina/public/autenticacion/login
    [id_usuario] => 1
    [email] => brunocameille@alumnos.itr3.edu.ar
    [rol] => admin
    [logged_in] => 1
)

2025-04-29 09:02:47 - Usuario encontrado: Array
(
    [id_usuario] => 1
    [nombre] => brunito
    [apellido] => barber
    [email] => brunocameille@alumnos.itr3.edu.ar
    [contrasena] => $2y$10$F4xQfULyrVhG1JD8Y21QR.vgn9Fzd257acxjmQqHQ3OYfEqBaAPb6
    [direccion_id] => 0
    [id_rol] => 1
    [created_at] => 2025-04-07 13:37:30
    [updated_at] => 2025-04-29 08:54:29
    [invitado_por] => 
)

2025-04-29 09:02:47 - ID Rol del usuario: 1
2025-04-29 09:02:47 - Rol asignado: admin
2025-04-29 09:02:47 - Datos de usuario guardados en sesión: Array
(
    [id_usuario] => 1
    [email] => brunocameille@alumnos.itr3.edu.ar
    [rol] => admin
    [logged_in] => 1
)

2025-04-29 09:02:47 - Datos en sesión después de guardar: Array
(
    [__ci_last_regenerate] => 1745928160
    [_ci_previous_url] => http://192.168.2.176/Tesina/public/autenticacion/login
    [id_usuario] => 1
    [email] => brunocameille@alumnos.itr3.edu.ar
    [rol] => admin
    [logged_in] => 1
)

2025-04-29 09:03:25 - Usuario encontrado: Array
(
    [id_usuario] => 1
    [nombre] => brunito
    [apellido] => barber
    [email] => brunocameille@alumnos.itr3.edu.ar
    [contrasena] => $2y$10$F4xQfULyrVhG1JD8Y21QR.vgn9Fzd257acxjmQqHQ3OYfEqBaAPb6
    [direccion_id] => 0
    [id_rol] => 3
    [created_at] => 2025-04-07 13:37:30
    [updated_at] => 2025-04-29 09:03:11
    [invitado_por] => 
)

2025-04-29 09:03:25 - ID Rol del usuario: 3
2025-04-29 09:03:25 - Rol asignado: supervisor
2025-04-29 09:03:25 - Datos de usuario guardados en sesión: Array
(
    [id_usuario] => 1
    [email] => brunocameille@alumnos.itr3.edu.ar
    [rol] => supervisor
    [logged_in] => 1
)

2025-04-29 09:03:25 - Datos en sesión después de guardar: Array
(
    [__ci_last_regenerate] => 1745928195
    [_ci_previous_url] => http://192.168.2.176/Tesina/public/autenticacion/login
    [id_usuario] => 1
    [email] => brunocameille@alumnos.itr3.edu.ar
    [rol] => supervisor
    [logged_in] => 1
)

2025-04-29 09:46:24 - Usuario encontrado: Array
(
    [id_usuario] => 1
    [nombre] => brunito
    [apellido] => barber
    [email] => brunocameille@alumnos.itr3.edu.ar
    [contrasena] => $2y$10$F4xQfULyrVhG1JD8Y21QR.vgn9Fzd257acxjmQqHQ3OYfEqBaAPb6
    [direccion_id] => 0
    [id_rol] => 3
    [created_at] => 2025-04-07 13:37:30
    [updated_at] => 2025-04-29 09:03:11
    [invitado_por] => 
)

2025-04-29 09:46:24 - ID Rol del usuario: 3
2025-04-29 09:46:24 - Rol asignado: supervisor
2025-04-29 09:46:24 - Datos de usuario guardados en sesión: Array
(
    [id_usuario] => 1
    [email] => brunocameille@alumnos.itr3.edu.ar
    [rol] => supervisor
    [logged_in] => 1
)

2025-04-29 09:46:24 - Datos en sesión después de guardar: Array
(
    [__ci_last_regenerate] => 1745930784
    [_ci_previous_url] => http://192.168.2.176/Tesina/public/autenticacion/login
    [id_usuario] => 1
    [email] => brunocameille@alumnos.itr3.edu.ar
    [rol] => supervisor
    [logged_in] => 1
)

2025-04-29 10:34:46 - Usuario encontrado: Array
(
    [id_usuario] => 1
    [nombre] => brunito
    [apellido] => barber
    [email] => brunocameille@alumnos.itr3.edu.ar
    [contrasena] => $2y$10$F4xQfULyrVhG1JD8Y21QR.vgn9Fzd257acxjmQqHQ3OYfEqBaAPb6
    [direccion_id] => 0
    [id_rol] => 3
    [created_at] => 2025-04-07 13:37:30
    [updated_at] => 2025-04-29 09:03:11
    [invitado_por] => 
)

2025-04-29 10:34:46 - ID Rol del usuario: 3
2025-04-29 10:34:46 - Rol asignado: supervisor
2025-04-29 10:34:46 - Datos de usuario guardados en sesión: Array
(
    [id_usuario] => 1
    [email] => brunocameille@alumnos.itr3.edu.ar
    [rol] => supervisor
    [logged_in] => 1
)

2025-04-29 10:34:46 - Datos en sesión después de guardar: Array
(
    [__ci_last_regenerate] => 1745933686
    [_ci_previous_url] => http://192.168.2.176/Tesina/public/autenticacion/login
    [id_usuario] => 1
    [email] => brunocameille@alumnos.itr3.edu.ar
    [rol] => supervisor
    [logged_in] => 1
)

2025-04-29 10:35:08 - Usuario encontrado: Array
(
    [id_usuario] => 1
    [nombre] => brunito
    [apellido] => barber
    [email] => brunocameille@alumnos.itr3.edu.ar
    [contrasena] => $2y$10$F4xQfULyrVhG1JD8Y21QR.vgn9Fzd257acxjmQqHQ3OYfEqBaAPb6
    [direccion_id] => 0
    [id_rol] => 1
    [created_at] => 2025-04-07 13:37:30
    [updated_at] => 2025-04-29 10:34:58
    [invitado_por] => 
)

2025-04-29 10:35:08 - ID Rol del usuario: 1
2025-04-29 10:35:08 - Rol asignado: admin
2025-04-29 10:35:08 - Datos de usuario guardados en sesión: Array
(
    [id_usuario] => 1
    [email] => brunocameille@alumnos.itr3.edu.ar
    [rol] => admin
    [logged_in] => 1
)

2025-04-29 10:35:08 - Datos en sesión después de guardar: Array
(
    [__ci_last_regenerate] => 1745933690
    [_ci_previous_url] => http://192.168.2.176/Tesina/public/autenticacion/login
    [id_usuario] => 1
    [email] => brunocameille@alumnos.itr3.edu.ar
    [rol] => admin
    [logged_in] => 1
)

2025-04-29 10:56:33 - Usuario encontrado: Array
(
    [id_usuario] => 1
    [nombre] => brunito
    [apellido] => barber
    [email] => brunocameille@alumnos.itr3.edu.ar
    [contrasena] => $2y$10$F4xQfULyrVhG1JD8Y21QR.vgn9Fzd257acxjmQqHQ3OYfEqBaAPb6
    [direccion_id] => 0
    [id_rol] => 3
    [created_at] => 2025-04-07 13:37:30
    [updated_at] => 2025-04-29 10:55:32
    [invitado_por] => 
)

2025-04-29 10:56:33 - ID Rol del usuario: 3
2025-04-29 10:56:33 - Rol asignado: supervisor
2025-04-29 10:56:33 - Datos de usuario guardados en sesión: Array
(
    [id_usuario] => 1
    [email] => brunocameille@alumnos.itr3.edu.ar
    [rol] => supervisor
    [logged_in] => 1
)

2025-04-29 10:56:33 - Datos en sesión después de guardar: Array
(
    [__ci_last_regenerate] => 1745934937
    [_ci_previous_url] => http://192.168.2.176/Tesina/public/autenticacion/login
    [id_usuario] => 1
    [email] => brunocameille@alumnos.itr3.edu.ar
    [rol] => supervisor
    [logged_in] => 1
)

2025-04-29 11:11:20 - Usuario encontrado: Array
(
    [id_usuario] => 1
    [nombre] => brunito
    [apellido] => barber
    [email] => brunocameille@alumnos.itr3.edu.ar
    [contrasena] => $2y$10$F4xQfULyrVhG1JD8Y21QR.vgn9Fzd257acxjmQqHQ3OYfEqBaAPb6
    [direccion_id] => 0
    [id_rol] => 3
    [created_at] => 2025-04-07 13:37:30
    [updated_at] => 2025-04-29 10:55:32
    [invitado_por] => 
)

2025-04-29 11:11:20 - ID Rol del usuario: 3
2025-04-29 11:11:20 - Rol asignado: supervisor
2025-04-29 11:11:20 - Datos de usuario guardados en sesión: Array
(
    [id_usuario] => 1
    [email] => brunocameille@alumnos.itr3.edu.ar
    [rol] => supervisor
    [logged_in] => 1
)

2025-04-29 11:11:20 - Datos en sesión después de guardar: Array
(
    [__ci_last_regenerate] => 1745935862
    [_ci_previous_url] => http://192.168.2.169/Tesina/public/autenticacion/login
    [id_usuario] => 1
    [email] => brunocameille@alumnos.itr3.edu.ar
    [rol] => supervisor
    [logged_in] => 1
)

2025-04-29 11:19:52 - Usuario encontrado: Array
(
    [id_usuario] => 1
    [nombre] => brunito
    [apellido] => barber
    [email] => brunocameille@alumnos.itr3.edu.ar
    [contrasena] => $2y$10$F4xQfULyrVhG1JD8Y21QR.vgn9Fzd257acxjmQqHQ3OYfEqBaAPb6
    [direccion_id] => 0
    [id_rol] => 3
    [created_at] => 2025-04-07 13:37:30
    [updated_at] => 2025-04-29 10:55:32
    [invitado_por] => 
)

2025-04-29 11:19:52 - ID Rol del usuario: 3
2025-04-29 11:19:52 - Rol asignado: supervisor
2025-04-29 11:19:52 - Datos de usuario guardados en sesión: Array
(
    [id_usuario] => 1
    [email] => brunocameille@alumnos.itr3.edu.ar
    [rol] => supervisor
    [logged_in] => 1
)

2025-04-29 11:19:52 - Datos en sesión después de guardar: Array
(
    [__ci_last_regenerate] => 1745936377
    [_ci_previous_url] => http://192.168.2.169/Tesina/public/autenticacion/login
    [id_usuario] => 1
    [email] => brunocameille@alumnos.itr3.edu.ar
    [rol] => supervisor
    [logged_in] => 1
)

2025-04-29 11:21:23 - Usuario encontrado: Array
(
    [id_usuario] => 1
    [nombre] => brunito
    [apellido] => barber
    [email] => brunocameille@alumnos.itr3.edu.ar
    [contrasena] => $2y$10$F4xQfULyrVhG1JD8Y21QR.vgn9Fzd257acxjmQqHQ3OYfEqBaAPb6
    [direccion_id] => 0
    [id_rol] => 3
    [created_at] => 2025-04-07 13:37:30
    [updated_at] => 2025-04-29 10:55:32
    [invitado_por] => 
)

2025-04-29 11:21:23 - ID Rol del usuario: 3
2025-04-29 11:21:23 - Rol asignado: supervisor
2025-04-29 11:21:23 - Datos de usuario guardados en sesión: Array
(
    [id_usuario] => 1
    [email] => brunocameille@alumnos.itr3.edu.ar
    [rol] => supervisor
    [logged_in] => 1
)

2025-04-29 11:21:23 - Datos en sesión después de guardar: Array
(
    [__ci_last_regenerate] => 1745936377
    [_ci_previous_url] => http://192.168.2.169/Tesina/public/autenticacion/login
    [id_usuario] => 1
    [email] => brunocameille@alumnos.itr3.edu.ar
    [rol] => supervisor
    [logged_in] => 1
)

2025-04-29 11:22:05 - Usuario encontrado: Array
(
    [id_usuario] => 1
    [nombre] => brunito
    [apellido] => barber
    [email] => brunocameille@alumnos.itr3.edu.ar
    [contrasena] => $2y$10$F4xQfULyrVhG1JD8Y21QR.vgn9Fzd257acxjmQqHQ3OYfEqBaAPb6
    [direccion_id] => 0
    [id_rol] => 1
    [created_at] => 2025-04-07 13:37:30
    [updated_at] => 2025-04-29 11:22:01
    [invitado_por] => 
)

2025-04-29 11:22:05 - ID Rol del usuario: 1
2025-04-29 11:22:05 - Rol asignado: admin
2025-04-29 11:22:05 - Datos de usuario guardados en sesión: Array
(
    [id_usuario] => 1
    [email] => brunocameille@alumnos.itr3.edu.ar
    [rol] => admin
    [logged_in] => 1
)

2025-04-29 11:22:05 - Datos en sesión después de guardar: Array
(
    [__ci_last_regenerate] => 1745936498
    [_ci_previous_url] => http://192.168.2.169/Tesina/public/autenticacion/login
    [id_usuario] => 1
    [email] => brunocameille@alumnos.itr3.edu.ar
    [rol] => admin
    [logged_in] => 1
)

2025-04-29 11:26:09 - Usuario encontrado: Array
(
    [id_usuario] => 1
    [nombre] => brunito
    [apellido] => barber
    [email] => brunocameille@alumnos.itr3.edu.ar
    [contrasena] => $2y$10$F4xQfULyrVhG1JD8Y21QR.vgn9Fzd257acxjmQqHQ3OYfEqBaAPb6
    [direccion_id] => 0
    [id_rol] => 1
    [created_at] => 2025-04-07 13:37:30
    [updated_at] => 2025-04-29 11:22:01
    [invitado_por] => 
)

2025-04-29 11:26:09 - ID Rol del usuario: 1
2025-04-29 11:26:09 - Rol asignado: admin
2025-04-29 11:26:09 - Datos de usuario guardados en sesión: Array
(
    [id_usuario] => 1
    [email] => brunocameille@alumnos.itr3.edu.ar
    [rol] => admin
    [logged_in] => 1
)

2025-04-29 11:26:09 - Datos en sesión después de guardar: Array
(
    [__ci_last_regenerate] => 1745936498
    [_ci_previous_url] => http://192.168.2.169/Tesina/public/autenticacion/login
    [id_usuario] => 1
    [email] => brunocameille@alumnos.itr3.edu.ar
    [rol] => admin
    [logged_in] => 1
)

2025-04-29 11:37:11 - Usuario encontrado: Array
(
    [id_usuario] => 1
    [nombre] => brunito
    [apellido] => barber
    [email] => brunocameille@alumnos.itr3.edu.ar
    [contrasena] => $2y$10$F4xQfULyrVhG1JD8Y21QR.vgn9Fzd257acxjmQqHQ3OYfEqBaAPb6
    [direccion_id] => 0
    [id_rol] => 1
    [created_at] => 2025-04-07 13:37:30
    [updated_at] => 2025-04-29 11:22:01
    [invitado_por] => 
)

2025-04-29 11:37:11 - ID Rol del usuario: 1
2025-04-29 11:37:11 - Rol asignado: admin
2025-04-29 11:37:11 - Datos de usuario guardados en sesión: Array
(
    [id_usuario] => 1
    [email] => brunocameille@alumnos.itr3.edu.ar
    [rol] => admin
    [logged_in] => 1
)

2025-04-29 11:37:11 - Datos en sesión después de guardar: Array
(
    [__ci_last_regenerate] => 1745937413
    [_ci_previous_url] => http://192.168.2.169/Tesina/public/autenticacion/login
    [id_usuario] => 1
    [email] => brunocameille@alumnos.itr3.edu.ar
    [rol] => admin
    [logged_in] => 1
)

2025-04-29 11:39:52 - Usuario encontrado: Array
(
    [id_usuario] => 44
    [nombre] => Cristian
    [apellido] => bruno
    [email] => cristianjaja@gmail.com
    [contrasena] => $2y$10$2Nmu.WNdyrIYBoAVPa7Eme9FLTlTn.YWVK2sqbWJOe2eu6W/AO9Se
    [direccion_id] => 0
    [id_rol] => 1
    [created_at] => 2025-04-29 11:39:29
    [updated_at] => 2025-04-29 11:39:29
    [invitado_por] => 
)

2025-04-29 11:39:52 - ID Rol del usuario: 1
2025-04-29 11:39:52 - Rol asignado: admin
2025-04-29 11:39:52 - Datos de usuario guardados en sesión: Array
(
    [id_usuario] => 44
    [email] => cristianjaja@gmail.com
    [rol] => admin
    [logged_in] => 1
)

2025-04-29 11:39:52 - Datos en sesión después de guardar: Array
(
    [__ci_last_regenerate] => 1745937573
    [_ci_previous_url] => http://192.168.2.169/Tesina/public/autenticacion/login
    [id_usuario] => 44
    [email] => cristianjaja@gmail.com
    [rol] => admin
    [logged_in] => 1
)

2025-04-29 11:41:25 - Usuario encontrado: Array
(
    [id_usuario] => 45
    [nombre] => Ernesto 
    [apellido] => nose
    [email] => ernestoo@gmail.com
    [contrasena] => $2y$10$hG0g.CCEUI3tKvTLYYd1zeZnxk0P9TIcMj1RTRbDvuC2.nygYUdmu
    [direccion_id] => 0
    [id_rol] => 2
    [created_at] => 2025-04-29 11:41:08
    [updated_at] => 2025-04-29 11:41:08
    [invitado_por] => 
)

2025-04-29 11:41:25 - ID Rol del usuario: 2
2025-04-29 11:41:25 - Rol asignado: usuario
2025-04-29 11:41:25 - Datos de usuario guardados en sesión: Array
(
    [id_usuario] => 45
    [email] => ernestoo@gmail.com
    [rol] => usuario
    [logged_in] => 1
)

2025-04-29 11:41:25 - Datos en sesión después de guardar: Array
(
    [__ci_last_regenerate] => 1745937672
    [_ci_previous_url] => http://192.168.2.169/Tesina/public/autenticacion/login
    [id_usuario] => 45
    [email] => ernestoo@gmail.com
    [rol] => usuario
    [logged_in] => 1
)

2025-04-29 11:45:19 - Usuario encontrado: Array
(
    [id_usuario] => 1
    [nombre] => brunito
    [apellido] => barber
    [email] => brunocameille@alumnos.itr3.edu.ar
    [contrasena] => $2y$10$F4xQfULyrVhG1JD8Y21QR.vgn9Fzd257acxjmQqHQ3OYfEqBaAPb6
    [direccion_id] => 0
    [id_rol] => 1
    [created_at] => 2025-04-07 13:37:30
    [updated_at] => 2025-04-29 11:22:01
    [invitado_por] => 
)

2025-04-29 11:45:19 - ID Rol del usuario: 1
2025-04-29 11:45:19 - Rol asignado: admin
2025-04-29 11:45:19 - Datos de usuario guardados en sesión: Array
(
    [id_usuario] => 1
    [email] => brunocameille@alumnos.itr3.edu.ar
    [rol] => admin
    [logged_in] => 1
)

2025-04-29 11:45:19 - Datos en sesión después de guardar: Array
(
    [__ci_last_regenerate] => 1745937902
    [_ci_previous_url] => http://192.168.2.169/Tesina/public/autenticacion/login
    [id_usuario] => 1
    [email] => brunocameille@alumnos.itr3.edu.ar
    [rol] => admin
    [logged_in] => 1
)

2025-04-29 11:45:39 - Usuario encontrado: Array
(
    [id_usuario] => 44
    [nombre] => Cristian
    [apellido] => bruno
    [email] => cristianjaja@gmail.com
    [contrasena] => $2y$10$2Nmu.WNdyrIYBoAVPa7Eme9FLTlTn.YWVK2sqbWJOe2eu6W/AO9Se
    [direccion_id] => 0
    [id_rol] => 1
    [created_at] => 2025-04-29 11:39:29
    [updated_at] => 2025-04-29 11:39:29
    [invitado_por] => 
)

2025-04-29 11:45:39 - ID Rol del usuario: 1
2025-04-29 11:45:39 - Rol asignado: admin
2025-04-29 11:45:39 - Datos de usuario guardados en sesión: Array
(
    [id_usuario] => 44
    [email] => cristianjaja@gmail.com
    [rol] => admin
    [logged_in] => 1
)

2025-04-29 11:45:39 - Datos en sesión después de guardar: Array
(
    [__ci_last_regenerate] => 1745937922
    [_ci_previous_url] => http://192.168.2.169/Tesina/public/autenticacion/login
    [id_usuario] => 44
    [email] => cristianjaja@gmail.com
    [rol] => admin
    [logged_in] => 1
)

2025-04-29 11:45:54 - Usuario encontrado: Array
(
    [id_usuario] => 45
    [nombre] => Ernesto 
    [apellido] => nose
    [email] => ernestoo@gmail.com
    [contrasena] => $2y$10$hG0g.CCEUI3tKvTLYYd1zeZnxk0P9TIcMj1RTRbDvuC2.nygYUdmu
    [direccion_id] => 0
    [id_rol] => 2
    [created_at] => 2025-04-29 11:41:08
    [updated_at] => 2025-04-29 11:41:08
    [invitado_por] => 
)

2025-04-29 11:45:54 - ID Rol del usuario: 2
2025-04-29 11:45:54 - Rol asignado: usuario
2025-04-29 11:45:54 - Datos de usuario guardados en sesión: Array
(
    [id_usuario] => 45
    [email] => ernestoo@gmail.com
    [rol] => usuario
    [logged_in] => 1
)

2025-04-29 11:45:54 - Datos en sesión después de guardar: Array
(
    [__ci_last_regenerate] => 1745937943
    [_ci_previous_url] => http://192.168.2.169/Tesina/public/autenticacion/login
    [id_usuario] => 45
    [email] => ernestoo@gmail.com
    [rol] => usuario
    [logged_in] => 1
)

2025-04-29 11:52:00 - Usuario encontrado: Array
(
    [id_usuario] => 45
    [nombre] => Ernesto 
    [apellido] => nose
    [email] => ernestoo@gmail.com
    [contrasena] => $2y$10$hG0g.CCEUI3tKvTLYYd1zeZnxk0P9TIcMj1RTRbDvuC2.nygYUdmu
    [direccion_id] => 0
    [id_rol] => 2
    [created_at] => 2025-04-29 11:41:08
    [updated_at] => 2025-04-29 11:41:08
    [invitado_por] => 
)

2025-04-29 11:52:00 - ID Rol del usuario: 2
2025-04-29 11:52:00 - Rol asignado: usuario
2025-04-29 11:52:00 - Datos de usuario guardados en sesión: Array
(
    [id_usuario] => 45
    [email] => ernestoo@gmail.com
    [rol] => usuario
    [logged_in] => 1
)

2025-04-29 11:52:00 - Datos en sesión después de guardar: Array
(
    [__ci_last_regenerate] => 1745938312
    [_ci_previous_url] => http://192.168.2.169/Tesina/public/autenticacion/login
    [id_usuario] => 45
    [email] => ernestoo@gmail.com
    [rol] => usuario
    [logged_in] => 1
)

2025-04-29 12:04:40 - Usuario encontrado: Array
(
    [id_usuario] => 45
    [nombre] => Ernesto 
    [apellido] => nose
    [email] => ernestoo@gmail.com
    [contrasena] => $2y$10$hG0g.CCEUI3tKvTLYYd1zeZnxk0P9TIcMj1RTRbDvuC2.nygYUdmu
    [direccion_id] => 0
    [id_rol] => 2
    [created_at] => 2025-04-29 11:41:08
    [updated_at] => 2025-04-29 11:41:08
    [invitado_por] => 
)

2025-04-29 12:04:40 - ID Rol del usuario: 2
2025-04-29 12:04:40 - Rol asignado: usuario
2025-04-29 12:04:40 - Datos de usuario guardados en sesión: Array
(
    [id_usuario] => 45
    [email] => ernestoo@gmail.com
    [rol] => usuario
    [logged_in] => 1
)

2025-04-29 12:04:40 - Datos en sesión después de guardar: Array
(
    [__ci_last_regenerate] => 1745939071
    [_ci_previous_url] => http://192.168.2.169/Tesina/public/autenticacion/login
    [id_usuario] => 45
    [email] => ernestoo@gmail.com
    [rol] => usuario
    [logged_in] => 1
)

2025-04-29 12:36:59 - Usuario encontrado: Array
(
    [id_usuario] => 45
    [nombre] => Ernesto 
    [apellido] => nose
    [email] => ernestoo@gmail.com
    [contrasena] => $2y$10$hG0g.CCEUI3tKvTLYYd1zeZnxk0P9TIcMj1RTRbDvuC2.nygYUdmu
    [direccion_id] => 0
    [id_rol] => 2
    [created_at] => 2025-04-29 11:41:08
    [updated_at] => 2025-04-29 11:41:08
    [invitado_por] => 
)

2025-04-29 12:36:59 - ID Rol del usuario: 2
2025-04-29 12:36:59 - Rol asignado: usuario
2025-04-29 12:36:59 - Datos de usuario guardados en sesión: Array
(
    [id_usuario] => 45
    [email] => ernestoo@gmail.com
    [rol] => usuario
    [logged_in] => 1
)

2025-04-29 12:37:00 - Datos en sesión después de guardar: Array
(
    [__ci_last_regenerate] => 1745941020
    [_ci_previous_url] => http://192.168.2.169/Tesina/public/perfil/perfil
    [id_usuario] => 45
    [email] => ernestoo@gmail.com
    [rol] => usuario
    [logged_in] => 1
)

2025-04-29 12:45:23 - Usuario encontrado: Array
(
    [id_usuario] => 1
    [nombre] => brunito
    [apellido] => barber
    [email] => brunocameille@alumnos.itr3.edu.ar
    [contrasena] => $2y$10$F4xQfULyrVhG1JD8Y21QR.vgn9Fzd257acxjmQqHQ3OYfEqBaAPb6
    [direccion_id] => 0
    [id_rol] => 3
    [created_at] => 2025-04-07 13:37:30
    [updated_at] => 2025-04-29 12:45:09
    [invitado_por] => 
)

2025-04-29 12:45:23 - ID Rol del usuario: 3
2025-04-29 12:45:23 - Rol asignado: supervisor
2025-04-29 12:45:23 - Datos de usuario guardados en sesión: Array
(
    [id_usuario] => 1
    [email] => brunocameille@alumnos.itr3.edu.ar
    [rol] => supervisor
    [logged_in] => 1
)

2025-04-29 12:45:23 - Datos en sesión después de guardar: Array
(
    [__ci_last_regenerate] => 1745941493
    [_ci_previous_url] => http://192.168.2.169/Tesina/public/autenticacion/login
    [id_usuario] => 1
    [email] => brunocameille@alumnos.itr3.edu.ar
    [rol] => supervisor
    [logged_in] => 1
)

2025-04-29 12:48:28 - Usuario encontrado: Array
(
    [id_usuario] => 1
    [nombre] => brunito
    [apellido] => barber
    [email] => brunocameille@alumnos.itr3.edu.ar
    [contrasena] => $2y$10$F4xQfULyrVhG1JD8Y21QR.vgn9Fzd257acxjmQqHQ3OYfEqBaAPb6
    [direccion_id] => 0
    [id_rol] => 3
    [created_at] => 2025-04-07 13:37:30
    [updated_at] => 2025-04-29 12:45:09
    [invitado_por] => 
)

2025-04-29 12:48:28 - ID Rol del usuario: 3
2025-04-29 12:48:28 - Rol asignado: supervisor
2025-04-29 12:48:28 - Datos de usuario guardados en sesión: Array
(
    [id_usuario] => 1
    [email] => brunocameille@alumnos.itr3.edu.ar
    [rol] => supervisor
    [logged_in] => 1
)

2025-04-29 12:48:28 - Datos en sesión después de guardar: Array
(
    [__ci_last_regenerate] => 1745941493
    [_ci_previous_url] => http://192.168.2.169/Tesina/public/autenticacion/login
    [id_usuario] => 1
    [email] => brunocameille@alumnos.itr3.edu.ar
    [rol] => supervisor
    [logged_in] => 1
)

2025-04-29 12:49:27 - Usuario encontrado: Array
(
    [id_usuario] => 1
    [nombre] => brunito
    [apellido] => barber
    [email] => brunocameille@alumnos.itr3.edu.ar
    [contrasena] => $2y$10$F4xQfULyrVhG1JD8Y21QR.vgn9Fzd257acxjmQqHQ3OYfEqBaAPb6
    [direccion_id] => 0
    [id_rol] => 3
    [created_at] => 2025-04-07 13:37:30
    [updated_at] => 2025-04-29 12:45:09
    [invitado_por] => 
)

2025-04-29 12:49:27 - ID Rol del usuario: 3
2025-04-29 12:49:27 - Rol asignado: supervisor
2025-04-29 12:49:27 - Datos de usuario guardados en sesión: Array
(
    [id_usuario] => 1
    [email] => brunocameille@alumnos.itr3.edu.ar
    [rol] => supervisor
    [logged_in] => 1
)

2025-04-29 12:49:27 - Datos en sesión después de guardar: Array
(
    [__ci_last_regenerate] => 1745941493
    [_ci_previous_url] => http://192.168.2.169/Tesina/public/autenticacion/login
    [id_usuario] => 1
    [email] => brunocameille@alumnos.itr3.edu.ar
    [rol] => supervisor
    [logged_in] => 1
)

2025-04-29 12:55:28 - Usuario encontrado: Array
(
    [id_usuario] => 1
    [nombre] => brunito
    [apellido] => barber
    [email] => brunocameille@alumnos.itr3.edu.ar
    [contrasena] => $2y$10$F4xQfULyrVhG1JD8Y21QR.vgn9Fzd257acxjmQqHQ3OYfEqBaAPb6
    [direccion_id] => 0
    [id_rol] => 3
    [created_at] => 2025-04-07 13:37:30
    [updated_at] => 2025-04-29 12:45:09
    [invitado_por] => 
)

2025-04-29 12:55:28 - ID Rol del usuario: 3
2025-04-29 12:55:28 - Rol asignado: supervisor
2025-04-29 12:55:28 - Datos de usuario guardados en sesión: Array
(
    [id_usuario] => 1
    [email] => brunocameille@alumnos.itr3.edu.ar
    [rol] => supervisor
    [logged_in] => 1
)

2025-04-29 12:55:28 - Datos en sesión después de guardar: Array
(
    [__ci_last_regenerate] => 1745942053
    [_ci_previous_url] => http://192.168.2.169/Tesina/public/autenticacion/login
    [id_usuario] => 1
    [email] => brunocameille@alumnos.itr3.edu.ar
    [rol] => supervisor
    [logged_in] => 1
)

2025-04-29 12:57:42 - Usuario encontrado: Array
(
    [id_usuario] => 1
    [nombre] => brunito
    [apellido] => barber
    [email] => brunocameille@alumnos.itr3.edu.ar
    [contrasena] => $2y$10$F4xQfULyrVhG1JD8Y21QR.vgn9Fzd257acxjmQqHQ3OYfEqBaAPb6
    [direccion_id] => 0
    [id_rol] => 1
    [created_at] => 2025-04-07 13:37:30
    [updated_at] => 2025-04-29 12:57:33
    [invitado_por] => 
)

2025-04-29 12:57:42 - ID Rol del usuario: 1
2025-04-29 12:57:42 - Rol asignado: admin
2025-04-29 12:57:42 - Datos de usuario guardados en sesión: Array
(
    [id_usuario] => 1
    [email] => brunocameille@alumnos.itr3.edu.ar
    [rol] => admin
    [logged_in] => 1
)

2025-04-29 12:57:42 - Datos en sesión después de guardar: Array
(
    [__ci_last_regenerate] => 1745942238
    [_ci_previous_url] => http://192.168.2.169/Tesina/public/autenticacion/login
    [id_usuario] => 1
    [email] => brunocameille@alumnos.itr3.edu.ar
    [rol] => admin
    [logged_in] => 1
)

2025-04-29 12:57:57 - Usuario encontrado: Array
(
    [id_usuario] => 1
    [nombre] => brunito
    [apellido] => barber
    [email] => brunocameille@alumnos.itr3.edu.ar
    [contrasena] => $2y$10$F4xQfULyrVhG1JD8Y21QR.vgn9Fzd257acxjmQqHQ3OYfEqBaAPb6
    [direccion_id] => 0
    [id_rol] => 3
    [created_at] => 2025-04-07 13:37:30
    [updated_at] => 2025-04-29 12:57:55
    [invitado_por] => 
)

2025-04-29 12:57:57 - ID Rol del usuario: 3
2025-04-29 12:57:57 - Rol asignado: supervisor
2025-04-29 12:57:57 - Datos de usuario guardados en sesión: Array
(
    [id_usuario] => 1
    [email] => brunocameille@alumnos.itr3.edu.ar
    [rol] => supervisor
    [logged_in] => 1
)

2025-04-29 12:57:57 - Datos en sesión después de guardar: Array
(
    [__ci_last_regenerate] => 1745942270
    [_ci_previous_url] => http://192.168.2.169/Tesina/public/autenticacion/login
    [id_usuario] => 1
    [email] => brunocameille@alumnos.itr3.edu.ar
    [rol] => supervisor
    [logged_in] => 1
)

2025-04-29 13:11:10 - Usuario encontrado: Array
(
    [id_usuario] => 1
    [nombre] => brunito
    [apellido] => barber
    [email] => brunocameille@alumnos.itr3.edu.ar
    [contrasena] => $2y$10$F4xQfULyrVhG1JD8Y21QR.vgn9Fzd257acxjmQqHQ3OYfEqBaAPb6
    [direccion_id] => 0
    [id_rol] => 1
    [created_at] => 2025-04-07 13:37:30
    [updated_at] => 2025-04-29 13:10:54
    [invitado_por] => 
)

2025-04-29 13:11:10 - ID Rol del usuario: 1
2025-04-29 13:11:10 - Rol asignado: admin
2025-04-29 13:11:10 - Datos de usuario guardados en sesión: Array
(
    [id_usuario] => 1
    [email] => brunocameille@alumnos.itr3.edu.ar
    [rol] => admin
    [logged_in] => 1
)

2025-04-29 13:11:10 - Datos en sesión después de guardar: Array
(
    [__ci_last_regenerate] => 1745943044
    [_ci_previous_url] => http://192.168.2.169/Tesina/public/autenticacion/login
    [id_usuario] => 1
    [email] => brunocameille@alumnos.itr3.edu.ar
    [rol] => admin
    [logged_in] => 1
)

2025-04-29 13:21:50 - Usuario encontrado: Array
(
    [id_usuario] => 1
    [nombre] => brunito
    [apellido] => barber
    [email] => brunocameille@alumnos.itr3.edu.ar
    [contrasena] => $2y$10$F4xQfULyrVhG1JD8Y21QR.vgn9Fzd257acxjmQqHQ3OYfEqBaAPb6
    [direccion_id] => 0
    [id_rol] => 1
    [created_at] => 2025-04-07 13:37:30
    [updated_at] => 2025-04-29 13:10:54
    [invitado_por] => 
)

2025-04-29 13:21:50 - ID Rol del usuario: 1
2025-04-29 13:21:50 - Rol asignado: admin
2025-04-29 13:21:50 - Datos de usuario guardados en sesión: Array
(
    [id_usuario] => 1
    [email] => brunocameille@alumnos.itr3.edu.ar
    [rol] => admin
    [logged_in] => 1
)

2025-04-29 13:21:50 - Datos en sesión después de guardar: Array
(
    [__ci_last_regenerate] => 1745943682
    [_ci_previous_url] => http://192.168.2.169/Tesina/public/autenticacion/login
    [id_usuario] => 1
    [email] => brunocameille@alumnos.itr3.edu.ar
    [rol] => admin
    [logged_in] => 1
    [exito] => Invitación enviada correctamente
)

2025-04-29 13:22:13 - Usuario encontrado: Array
(
    [id_usuario] => 1
    [nombre] => brunito
    [apellido] => barber
    [email] => brunocameille@alumnos.itr3.edu.ar
    [contrasena] => $2y$10$F4xQfULyrVhG1JD8Y21QR.vgn9Fzd257acxjmQqHQ3OYfEqBaAPb6
    [direccion_id] => 0
    [id_rol] => 3
    [created_at] => 2025-04-07 13:37:30
    [updated_at] => 2025-04-29 13:22:04
    [invitado_por] => 
)

2025-04-29 13:22:13 - ID Rol del usuario: 3
2025-04-29 13:22:13 - Rol asignado: supervisor
2025-04-29 13:22:13 - Datos de usuario guardados en sesión: Array
(
    [id_usuario] => 1
    [email] => brunocameille@alumnos.itr3.edu.ar
    [rol] => supervisor
    [logged_in] => 1
)

2025-04-29 13:22:13 - Datos en sesión después de guardar: Array
(
    [__ci_last_regenerate] => 1745943718
    [_ci_previous_url] => http://192.168.2.169/Tesina/public/autenticacion/login
    [id_usuario] => 1
    [email] => brunocameille@alumnos.itr3.edu.ar
    [rol] => supervisor
    [logged_in] => 1
)

