CRITICAL - 2024-11-15 14:30:16 --> ParseError: syntax error, unexpected token "public", expecting end of file
[Method: GET, Route: energia/getLatestData]
in APPPATH\Models\EnergiaModel.php on line 39.
 1 SYSTEMPATH\Autoloader\Autoloader.php(296): CodeIgniter\Autoloader\Autoloader->includeFile('C:\\xampp\\htdocs\\CODEIGNITERNUEVO\\app\\Models\\EnergiaModel.php')
 2 SYSTEMPATH\Autoloader\Autoloader.php(272): CodeIgniter\Autoloader\Autoloader->loadInNamespace('App\\Models\\EnergiaModel')
 3 APPPATH\Controllers\Energia.php(11): CodeIgniter\Autoloader\Autoloader->loadClass('App\\Models\\EnergiaModel')
 4 SYSTEMPATH\CodeIgniter.php(903): App\Controllers\Energia->__construct()
 5 SYSTEMPATH\CodeIgniter.php(500): CodeIgniter\CodeIgniter->createController()
 6 SYSTEMPATH\CodeIgniter.php(355): CodeIgniter\CodeIgniter->handleRequest(null, Object(Config\Cache), false)
 7 SYSTEMPATH\Boot.php(325): CodeIgniter\CodeIgniter->run()
 8 SYSTEMPATH\Boot.php(67): CodeIgniter\Boot::runCodeIgniter(Object(CodeIgniter\CodeIgniter))
 9 FCPATH\index.php(56): CodeIgniter\Boot::bootWeb(Object(Config\Paths))
CRITICAL - 2024-11-15 14:30:21 --> ErrorException: Cannot redeclare App\Models\EnergiaModel::getLimiteConsumo()
[Method: GET, Route: energia/getLatestData]
in APPPATH\Models\EnergiaModel.php on line 58.
 1 [internal function]: CodeIgniter\Debug\Exceptions->shutdownHandler()
CRITICAL - 2024-11-15 14:30:26 --> ErrorException: Cannot redeclare App\Models\EnergiaModel::getLimiteConsumo()
[Method: GET, Route: energia/getLatestData]
in APPPATH\Models\EnergiaModel.php on line 58.
 1 [internal function]: CodeIgniter\Debug\Exceptions->shutdownHandler()
CRITICAL - 2024-11-15 14:30:31 --> ErrorException: Cannot redeclare App\Models\EnergiaModel::getLimiteConsumo()
[Method: GET, Route: energia/getLatestData]
in APPPATH\Models\EnergiaModel.php on line 58.
 1 [internal function]: CodeIgniter\Debug\Exceptions->shutdownHandler()
CRITICAL - 2024-11-15 14:30:36 --> ErrorException: Cannot redeclare App\Models\EnergiaModel::getLimiteConsumo()
[Method: GET, Route: energia/getLatestData]
in APPPATH\Models\EnergiaModel.php on line 58.
 1 [internal function]: CodeIgniter\Debug\Exceptions->shutdownHandler()
CRITICAL - 2024-11-15 14:30:41 --> ErrorException: Cannot redeclare App\Models\EnergiaModel::getLimiteConsumo()
[Method: GET, Route: energia/getLatestData]
in APPPATH\Models\EnergiaModel.php on line 58.
 1 [internal function]: CodeIgniter\Debug\Exceptions->shutdownHandler()
CRITICAL - 2024-11-15 14:30:46 --> ErrorException: Cannot redeclare App\Models\EnergiaModel::getLimiteConsumo()
[Method: GET, Route: energia/getLatestData]
in APPPATH\Models\EnergiaModel.php on line 58.
 1 [internal function]: CodeIgniter\Debug\Exceptions->shutdownHandler()
CRITICAL - 2024-11-15 14:30:51 --> ErrorException: Cannot redeclare App\Models\EnergiaModel::getLimiteConsumo()
[Method: GET, Route: energia/getLatestData]
in APPPATH\Models\EnergiaModel.php on line 58.
 1 [internal function]: CodeIgniter\Debug\Exceptions->shutdownHandler()
CRITICAL - 2024-11-15 14:30:56 --> ErrorException: Cannot redeclare App\Models\EnergiaModel::getLimiteConsumo()
[Method: GET, Route: energia/getLatestData]
in APPPATH\Models\EnergiaModel.php on line 58.
 1 [internal function]: CodeIgniter\Debug\Exceptions->shutdownHandler()
CRITICAL - 2024-11-15 14:31:01 --> ErrorException: Cannot redeclare App\Models\EnergiaModel::getLimiteConsumo()
[Method: GET, Route: energia/getLatestData]
in APPPATH\Models\EnergiaModel.php on line 58.
 1 [internal function]: CodeIgniter\Debug\Exceptions->shutdownHandler()
CRITICAL - 2024-11-15 14:31:06 --> ErrorException: Cannot redeclare App\Models\EnergiaModel::getLimiteConsumo()
[Method: GET, Route: energia/getLatestData]
in APPPATH\Models\EnergiaModel.php on line 58.
 1 [internal function]: CodeIgniter\Debug\Exceptions->shutdownHandler()
CRITICAL - 2024-11-15 14:31:11 --> ErrorException: Cannot redeclare App\Models\EnergiaModel::getLimiteConsumo()
[Method: GET, Route: energia/getLatestData]
in APPPATH\Models\EnergiaModel.php on line 58.
 1 [internal function]: CodeIgniter\Debug\Exceptions->shutdownHandler()
CRITICAL - 2024-11-15 14:31:16 --> ErrorException: Cannot redeclare App\Models\EnergiaModel::getLimiteConsumo()
[Method: GET, Route: energia/getLatestData]
in APPPATH\Models\EnergiaModel.php on line 58.
 1 [internal function]: CodeIgniter\Debug\Exceptions->shutdownHandler()
CRITICAL - 2024-11-15 14:31:21 --> ErrorException: Cannot redeclare App\Models\EnergiaModel::getLimiteConsumo()
[Method: GET, Route: energia/getLatestData]
in APPPATH\Models\EnergiaModel.php on line 58.
 1 [internal function]: CodeIgniter\Debug\Exceptions->shutdownHandler()
CRITICAL - 2024-11-15 14:31:26 --> ErrorException: Cannot redeclare App\Models\EnergiaModel::getLimiteConsumo()
[Method: GET, Route: energia/getLatestData]
in APPPATH\Models\EnergiaModel.php on line 58.
 1 [internal function]: CodeIgniter\Debug\Exceptions->shutdownHandler()
CRITICAL - 2024-11-15 14:31:31 --> ErrorException: Cannot redeclare App\Models\EnergiaModel::getLimiteConsumo()
[Method: GET, Route: energia/getLatestData]
in APPPATH\Models\EnergiaModel.php on line 58.
 1 [internal function]: CodeIgniter\Debug\Exceptions->shutdownHandler()
CRITICAL - 2024-11-15 14:31:36 --> ErrorException: Cannot redeclare App\Models\EnergiaModel::getLimiteConsumo()
[Method: GET, Route: energia/getLatestData]
in APPPATH\Models\EnergiaModel.php on line 58.
 1 [internal function]: CodeIgniter\Debug\Exceptions->shutdownHandler()
CRITICAL - 2024-11-15 14:31:41 --> ErrorException: Cannot redeclare App\Models\EnergiaModel::getLimiteConsumo()
[Method: GET, Route: energia/getLatestData]
in APPPATH\Models\EnergiaModel.php on line 58.
 1 [internal function]: CodeIgniter\Debug\Exceptions->shutdownHandler()
CRITICAL - 2024-11-15 14:31:46 --> ErrorException: Cannot redeclare App\Models\EnergiaModel::getLimiteConsumo()
[Method: GET, Route: energia/getLatestData]
in APPPATH\Models\EnergiaModel.php on line 58.
 1 [internal function]: CodeIgniter\Debug\Exceptions->shutdownHandler()
CRITICAL - 2024-11-15 14:31:51 --> ErrorException: Cannot redeclare App\Models\EnergiaModel::getLimiteConsumo()
[Method: GET, Route: energia/getLatestData]
in APPPATH\Models\EnergiaModel.php on line 58.
 1 [internal function]: CodeIgniter\Debug\Exceptions->shutdownHandler()
CRITICAL - 2024-11-15 14:31:56 --> ErrorException: Cannot redeclare App\Models\EnergiaModel::getLimiteConsumo()
[Method: GET, Route: energia/getLatestData]
in APPPATH\Models\EnergiaModel.php on line 58.
 1 [internal function]: CodeIgniter\Debug\Exceptions->shutdownHandler()
CRITICAL - 2024-11-15 14:32:01 --> ErrorException: Cannot redeclare App\Models\EnergiaModel::getLimiteConsumo()
[Method: GET, Route: energia/getLatestData]
in APPPATH\Models\EnergiaModel.php on line 58.
 1 [internal function]: CodeIgniter\Debug\Exceptions->shutdownHandler()
CRITICAL - 2024-11-15 14:32:06 --> ErrorException: Cannot redeclare App\Models\EnergiaModel::getLimiteConsumo()
[Method: GET, Route: energia/getLatestData]
in APPPATH\Models\EnergiaModel.php on line 58.
 1 [internal function]: CodeIgniter\Debug\Exceptions->shutdownHandler()
CRITICAL - 2024-11-15 14:32:11 --> ErrorException: Cannot redeclare App\Models\EnergiaModel::getLimiteConsumo()
[Method: GET, Route: energia/getLatestData]
in APPPATH\Models\EnergiaModel.php on line 58.
 1 [internal function]: CodeIgniter\Debug\Exceptions->shutdownHandler()
CRITICAL - 2024-11-15 14:32:16 --> ErrorException: Cannot redeclare App\Models\EnergiaModel::getLimiteConsumo()
[Method: GET, Route: energia/getLatestData]
in APPPATH\Models\EnergiaModel.php on line 58.
 1 [internal function]: CodeIgniter\Debug\Exceptions->shutdownHandler()
CRITICAL - 2024-11-15 14:32:21 --> ErrorException: Cannot redeclare App\Models\EnergiaModel::getLimiteConsumo()
[Method: GET, Route: energia/getLatestData]
in APPPATH\Models\EnergiaModel.php on line 58.
 1 [internal function]: CodeIgniter\Debug\Exceptions->shutdownHandler()
CRITICAL - 2024-11-15 14:32:26 --> ErrorException: Cannot redeclare App\Models\EnergiaModel::getLimiteConsumo()
[Method: GET, Route: energia/getLatestData]
in APPPATH\Models\EnergiaModel.php on line 58.
 1 [internal function]: CodeIgniter\Debug\Exceptions->shutdownHandler()
CRITICAL - 2024-11-15 14:32:31 --> ErrorException: Cannot redeclare App\Models\EnergiaModel::getLimiteConsumo()
[Method: GET, Route: energia/getLatestData]
in APPPATH\Models\EnergiaModel.php on line 58.
 1 [internal function]: CodeIgniter\Debug\Exceptions->shutdownHandler()
CRITICAL - 2024-11-15 14:32:36 --> ErrorException: Cannot redeclare App\Models\EnergiaModel::getLimiteConsumo()
[Method: GET, Route: energia/getLatestData]
in APPPATH\Models\EnergiaModel.php on line 58.
 1 [internal function]: CodeIgniter\Debug\Exceptions->shutdownHandler()
CRITICAL - 2024-11-15 14:32:41 --> ErrorException: Cannot redeclare App\Models\EnergiaModel::getLimiteConsumo()
[Method: GET, Route: energia/getLatestData]
in APPPATH\Models\EnergiaModel.php on line 58.
 1 [internal function]: CodeIgniter\Debug\Exceptions->shutdownHandler()
CRITICAL - 2024-11-15 14:32:46 --> ErrorException: Cannot redeclare App\Models\EnergiaModel::getLimiteConsumo()
[Method: GET, Route: energia/getLatestData]
in APPPATH\Models\EnergiaModel.php on line 58.
 1 [internal function]: CodeIgniter\Debug\Exceptions->shutdownHandler()
CRITICAL - 2024-11-15 14:32:51 --> ErrorException: Cannot redeclare App\Models\EnergiaModel::getLimiteConsumo()
[Method: GET, Route: energia/getLatestData]
in APPPATH\Models\EnergiaModel.php on line 58.
 1 [internal function]: CodeIgniter\Debug\Exceptions->shutdownHandler()
CRITICAL - 2024-11-15 14:32:56 --> ErrorException: Cannot redeclare App\Models\EnergiaModel::getLimiteConsumo()
[Method: GET, Route: energia/getLatestData]
in APPPATH\Models\EnergiaModel.php on line 58.
 1 [internal function]: CodeIgniter\Debug\Exceptions->shutdownHandler()
CRITICAL - 2024-11-15 14:33:01 --> ErrorException: Cannot redeclare App\Models\EnergiaModel::getLimiteConsumo()
[Method: GET, Route: energia/getLatestData]
in APPPATH\Models\EnergiaModel.php on line 58.
 1 [internal function]: CodeIgniter\Debug\Exceptions->shutdownHandler()
CRITICAL - 2024-11-15 14:33:06 --> ErrorException: Cannot redeclare App\Models\EnergiaModel::getLimiteConsumo()
[Method: GET, Route: energia/getLatestData]
in APPPATH\Models\EnergiaModel.php on line 58.
 1 [internal function]: CodeIgniter\Debug\Exceptions->shutdownHandler()
CRITICAL - 2024-11-15 14:33:09 --> ErrorException: Cannot redeclare App\Models\EnergiaModel::getLimiteConsumo()
[Method: GET, Route: energia]
in APPPATH\Models\EnergiaModel.php on line 58.
 1 [internal function]: CodeIgniter\Debug\Exceptions->shutdownHandler()
CRITICAL - 2024-11-15 14:33:11 --> ErrorException: Cannot redeclare App\Models\EnergiaModel::getLimiteConsumo()
[Method: GET, Route: energia]
in APPPATH\Models\EnergiaModel.php on line 58.
 1 [internal function]: CodeIgniter\Debug\Exceptions->shutdownHandler()
CRITICAL - 2024-11-15 14:33:13 --> ErrorException: Cannot redeclare App\Models\EnergiaModel::getLimiteConsumo()
[Method: GET, Route: energia]
in APPPATH\Models\EnergiaModel.php on line 58.
 1 [internal function]: CodeIgniter\Debug\Exceptions->shutdownHandler()
CRITICAL - 2024-11-15 14:34:12 --> ErrorException: Cannot redeclare App\Models\EnergiaModel::getConsumoDiario()
[Method: GET, Route: energia]
in APPPATH\Models\EnergiaModel.php on line 61.
 1 [internal function]: CodeIgniter\Debug\Exceptions->shutdownHandler()
CRITICAL - 2024-11-15 14:34:14 --> ErrorException: Cannot redeclare App\Models\EnergiaModel::getConsumoDiario()
[Method: GET, Route: energia]
in APPPATH\Models\EnergiaModel.php on line 61.
 1 [internal function]: CodeIgniter\Debug\Exceptions->shutdownHandler()
CRITICAL - 2024-11-15 14:34:14 --> ErrorException: Cannot redeclare App\Models\EnergiaModel::getConsumoDiario()
[Method: GET, Route: energia]
in APPPATH\Models\EnergiaModel.php on line 61.
 1 [internal function]: CodeIgniter\Debug\Exceptions->shutdownHandler()
CRITICAL - 2024-11-15 15:18:32 --> ErrorException: file_get_contents(C:\xampp\htdocs\CODEIGNITERNUEVO\writable\debugbar/debugbar_1731694428.157496.json): Failed to open stream: No such file or directory
[Method: GET, Route: /]
in SYSTEMPATH\Debug\Toolbar\Collectors\History.php on line 88.
 1 [internal function]: CodeIgniter\Debug\Exceptions->errorHandler(2, 'file_get_contents(C:\\xampp\\htdocs\\CODEIGNITERNUEVO\\writable\\debugbar/debugbar_1731694428.157496.json): Failed to open stream: No such file or directory', 'C:\\xampp\\htdocs\\CODEIGNITERNUEVO\\system\\Debug\\Toolbar\\Collectors\\History.php', 88)
 2 SYSTEMPATH\Debug\Toolbar\Collectors\History.php(88): file_get_contents('C:\\xampp\\htdocs\\CODEIGNITERNUEVO\\writable\\debugbar/debugbar_1731694428.157496.json')
 3 SYSTEMPATH\Debug\Toolbar.php(518): CodeIgniter\Debug\Toolbar\Collectors\History->setFiles('1731694711.789265', 20)
 4 SYSTEMPATH\Debug\Toolbar.php(497): CodeIgniter\Debug\Toolbar->format([...], 'html')
 5 APPPATH\Config\Events.php(47): CodeIgniter\Debug\Toolbar->respond()
 6 SYSTEMPATH\Events\Events.php(155): CodeIgniter\Events\Events::Config\{closure}()
 7 SYSTEMPATH\CodeIgniter.php(340): CodeIgniter\Events\Events::trigger('pre_system')
 8 SYSTEMPATH\Boot.php(325): CodeIgniter\CodeIgniter->run()
 9 SYSTEMPATH\Boot.php(67): CodeIgniter\Boot::runCodeIgniter(Object(CodeIgniter\CodeIgniter))
10 FCPATH\index.php(56): CodeIgniter\Boot::bootWeb(Object(Config\Paths))
