CRITICAL - 2024-11-27 17:46:03 --> ParseError: syntax error, unexpected token "{", expecting "function" or "const"
[Method: GET, Route: energia]
in APPPATH\Models\EnergiaModel.php on line 15.
 1 SYSTEMPATH\Autoloader\Autoloader.php(296): CodeIgniter\Autoloader\Autoloader->includeFile('C:\\xampp\\htdocs\\CODEIGNITERNUEVO\\app\\Models\\EnergiaModel.php')
 2 SYSTEMPATH\Autoloader\Autoloader.php(272): CodeIgniter\Autoloader\Autoloader->loadInNamespace('App\\Models\\EnergiaModel')
 3 APPPATH\Controllers\Energia.php(11): CodeIgniter\Autoloader\Autoloader->loadClass('App\\Models\\EnergiaModel')
 4 SYSTEMPATH\CodeIgniter.php(903): App\Controllers\Energia->__construct()
 5 SYSTEMPATH\CodeIgniter.php(500): CodeIgniter\CodeIgniter->createController()
 6 SYSTEMPATH\CodeIgniter.php(355): CodeIgniter\CodeIgniter->handleRequest(null, Object(Config\Cache), false)
 7 SYSTEMPATH\Boot.php(325): CodeIgniter\CodeIgniter->run()
 8 SYSTEMPATH\Boot.php(67): CodeIgniter\Boot::runCodeIgniter(Object(CodeIgniter\CodeIgniter))
 9 FCPATH\index.php(56): CodeIgniter\Boot::bootWeb(Object(Config\Paths))
CRITICAL - 2024-11-27 17:46:48 --> ParseError: syntax error, unexpected token "return", expecting "function" or "const"
[Method: GET, Route: energia]
in APPPATH\Models\EnergiaModel.php on line 16.
 1 SYSTEMPATH\Autoloader\Autoloader.php(296): CodeIgniter\Autoloader\Autoloader->includeFile('C:\\xampp\\htdocs\\CODEIGNITERNUEVO\\app\\Models\\EnergiaModel.php')
 2 SYSTEMPATH\Autoloader\Autoloader.php(272): CodeIgniter\Autoloader\Autoloader->loadInNamespace('App\\Models\\EnergiaModel')
 3 APPPATH\Controllers\Energia.php(11): CodeIgniter\Autoloader\Autoloader->loadClass('App\\Models\\EnergiaModel')
 4 SYSTEMPATH\CodeIgniter.php(903): App\Controllers\Energia->__construct()
 5 SYSTEMPATH\CodeIgniter.php(500): CodeIgniter\CodeIgniter->createController()
 6 SYSTEMPATH\CodeIgniter.php(355): CodeIgniter\CodeIgniter->handleRequest(null, Object(Config\Cache), false)
 7 SYSTEMPATH\Boot.php(325): CodeIgniter\CodeIgniter->run()
 8 SYSTEMPATH\Boot.php(67): CodeIgniter\Boot::runCodeIgniter(Object(CodeIgniter\CodeIgniter))
 9 FCPATH\index.php(56): CodeIgniter\Boot::bootWeb(Object(Config\Paths))
CRITICAL - 2024-11-27 17:46:50 --> ParseError: syntax error, unexpected token "return", expecting "function" or "const"
[Method: GET, Route: energia]
in APPPATH\Models\EnergiaModel.php on line 16.
 1 SYSTEMPATH\Autoloader\Autoloader.php(296): CodeIgniter\Autoloader\Autoloader->includeFile('C:\\xampp\\htdocs\\CODEIGNITERNUEVO\\app\\Models\\EnergiaModel.php')
 2 SYSTEMPATH\Autoloader\Autoloader.php(272): CodeIgniter\Autoloader\Autoloader->loadInNamespace('App\\Models\\EnergiaModel')
 3 APPPATH\Controllers\Energia.php(11): CodeIgniter\Autoloader\Autoloader->loadClass('App\\Models\\EnergiaModel')
 4 SYSTEMPATH\CodeIgniter.php(903): App\Controllers\Energia->__construct()
 5 SYSTEMPATH\CodeIgniter.php(500): CodeIgniter\CodeIgniter->createController()
 6 SYSTEMPATH\CodeIgniter.php(355): CodeIgniter\CodeIgniter->handleRequest(null, Object(Config\Cache), false)
 7 SYSTEMPATH\Boot.php(325): CodeIgniter\CodeIgniter->run()
 8 SYSTEMPATH\Boot.php(67): CodeIgniter\Boot::runCodeIgniter(Object(CodeIgniter\CodeIgniter))
 9 FCPATH\index.php(56): CodeIgniter\Boot::bootWeb(Object(Config\Paths))
CRITICAL - 2024-11-27 17:46:52 --> ParseError: syntax error, unexpected token "{", expecting "function" or "const"
[Method: GET, Route: energia]
in APPPATH\Models\EnergiaModel.php on line 15.
 1 SYSTEMPATH\Autoloader\Autoloader.php(296): CodeIgniter\Autoloader\Autoloader->includeFile('C:\\xampp\\htdocs\\CODEIGNITERNUEVO\\app\\Models\\EnergiaModel.php')
 2 SYSTEMPATH\Autoloader\Autoloader.php(272): CodeIgniter\Autoloader\Autoloader->loadInNamespace('App\\Models\\EnergiaModel')
 3 APPPATH\Controllers\Energia.php(11): CodeIgniter\Autoloader\Autoloader->loadClass('App\\Models\\EnergiaModel')
 4 SYSTEMPATH\CodeIgniter.php(903): App\Controllers\Energia->__construct()
 5 SYSTEMPATH\CodeIgniter.php(500): CodeIgniter\CodeIgniter->createController()
 6 SYSTEMPATH\CodeIgniter.php(355): CodeIgniter\CodeIgniter->handleRequest(null, Object(Config\Cache), false)
 7 SYSTEMPATH\Boot.php(325): CodeIgniter\CodeIgniter->run()
 8 SYSTEMPATH\Boot.php(67): CodeIgniter\Boot::runCodeIgniter(Object(CodeIgniter\CodeIgniter))
 9 FCPATH\index.php(56): CodeIgniter\Boot::bootWeb(Object(Config\Paths))
CRITICAL - 2024-11-27 17:46:52 --> ParseError: syntax error, unexpected token "{", expecting "function" or "const"
[Method: GET, Route: energia]
in APPPATH\Models\EnergiaModel.php on line 15.
 1 SYSTEMPATH\Autoloader\Autoloader.php(296): CodeIgniter\Autoloader\Autoloader->includeFile('C:\\xampp\\htdocs\\CODEIGNITERNUEVO\\app\\Models\\EnergiaModel.php')
 2 SYSTEMPATH\Autoloader\Autoloader.php(272): CodeIgniter\Autoloader\Autoloader->loadInNamespace('App\\Models\\EnergiaModel')
 3 APPPATH\Controllers\Energia.php(11): CodeIgniter\Autoloader\Autoloader->loadClass('App\\Models\\EnergiaModel')
 4 SYSTEMPATH\CodeIgniter.php(903): App\Controllers\Energia->__construct()
 5 SYSTEMPATH\CodeIgniter.php(500): CodeIgniter\CodeIgniter->createController()
 6 SYSTEMPATH\CodeIgniter.php(355): CodeIgniter\CodeIgniter->handleRequest(null, Object(Config\Cache), false)
 7 SYSTEMPATH\Boot.php(325): CodeIgniter\CodeIgniter->run()
 8 SYSTEMPATH\Boot.php(67): CodeIgniter\Boot::runCodeIgniter(Object(CodeIgniter\CodeIgniter))
 9 FCPATH\index.php(56): CodeIgniter\Boot::bootWeb(Object(Config\Paths))
CRITICAL - 2024-11-27 17:46:57 --> ParseError: syntax error, unexpected token "{", expecting "function" or "const"
[Method: GET, Route: energia]
in APPPATH\Models\EnergiaModel.php on line 15.
 1 SYSTEMPATH\Autoloader\Autoloader.php(296): CodeIgniter\Autoloader\Autoloader->includeFile('C:\\xampp\\htdocs\\CODEIGNITERNUEVO\\app\\Models\\EnergiaModel.php')
 2 SYSTEMPATH\Autoloader\Autoloader.php(272): CodeIgniter\Autoloader\Autoloader->loadInNamespace('App\\Models\\EnergiaModel')
 3 APPPATH\Controllers\Energia.php(11): CodeIgniter\Autoloader\Autoloader->loadClass('App\\Models\\EnergiaModel')
 4 SYSTEMPATH\CodeIgniter.php(903): App\Controllers\Energia->__construct()
 5 SYSTEMPATH\CodeIgniter.php(500): CodeIgniter\CodeIgniter->createController()
 6 SYSTEMPATH\CodeIgniter.php(355): CodeIgniter\CodeIgniter->handleRequest(null, Object(Config\Cache), false)
 7 SYSTEMPATH\Boot.php(325): CodeIgniter\CodeIgniter->run()
 8 SYSTEMPATH\Boot.php(67): CodeIgniter\Boot::runCodeIgniter(Object(CodeIgniter\CodeIgniter))
 9 FCPATH\index.php(56): CodeIgniter\Boot::bootWeb(Object(Config\Paths))
CRITICAL - 2024-11-27 17:47:07 --> ParseError: syntax error, unexpected token "{", expecting "function" or "const"
[Method: GET, Route: energia]
in APPPATH\Models\EnergiaModel.php on line 15.
 1 SYSTEMPATH\Autoloader\Autoloader.php(296): CodeIgniter\Autoloader\Autoloader->includeFile('C:\\xampp\\htdocs\\CODEIGNITERNUEVO\\app\\Models\\EnergiaModel.php')
 2 SYSTEMPATH\Autoloader\Autoloader.php(272): CodeIgniter\Autoloader\Autoloader->loadInNamespace('App\\Models\\EnergiaModel')
 3 APPPATH\Controllers\Energia.php(11): CodeIgniter\Autoloader\Autoloader->loadClass('App\\Models\\EnergiaModel')
 4 SYSTEMPATH\CodeIgniter.php(903): App\Controllers\Energia->__construct()
 5 SYSTEMPATH\CodeIgniter.php(500): CodeIgniter\CodeIgniter->createController()
 6 SYSTEMPATH\CodeIgniter.php(355): CodeIgniter\CodeIgniter->handleRequest(null, Object(Config\Cache), false)
 7 SYSTEMPATH\Boot.php(325): CodeIgniter\CodeIgniter->run()
 8 SYSTEMPATH\Boot.php(67): CodeIgniter\Boot::runCodeIgniter(Object(CodeIgniter\CodeIgniter))
 9 FCPATH\index.php(56): CodeIgniter\Boot::bootWeb(Object(Config\Paths))
CRITICAL - 2024-11-27 17:47:27 --> ParseError: syntax error, unexpected token "{", expecting "function" or "const"
[Method: GET, Route: energia]
in APPPATH\Models\EnergiaModel.php on line 15.
 1 SYSTEMPATH\Autoloader\Autoloader.php(296): CodeIgniter\Autoloader\Autoloader->includeFile('C:\\xampp\\htdocs\\CODEIGNITERNUEVO\\app\\Models\\EnergiaModel.php')
 2 SYSTEMPATH\Autoloader\Autoloader.php(272): CodeIgniter\Autoloader\Autoloader->loadInNamespace('App\\Models\\EnergiaModel')
 3 APPPATH\Controllers\Energia.php(11): CodeIgniter\Autoloader\Autoloader->loadClass('App\\Models\\EnergiaModel')
 4 SYSTEMPATH\CodeIgniter.php(903): App\Controllers\Energia->__construct()
 5 SYSTEMPATH\CodeIgniter.php(500): CodeIgniter\CodeIgniter->createController()
 6 SYSTEMPATH\CodeIgniter.php(355): CodeIgniter\CodeIgniter->handleRequest(null, Object(Config\Cache), false)
 7 SYSTEMPATH\Boot.php(325): CodeIgniter\CodeIgniter->run()
 8 SYSTEMPATH\Boot.php(67): CodeIgniter\Boot::runCodeIgniter(Object(CodeIgniter\CodeIgniter))
 9 FCPATH\index.php(56): CodeIgniter\Boot::bootWeb(Object(Config\Paths))
CRITICAL - 2024-11-27 17:48:08 --> ParseError: syntax error, unexpected token "return", expecting "function" or "const"
[Method: GET, Route: energia]
in APPPATH\Models\EnergiaModel.php on line 16.
 1 SYSTEMPATH\Autoloader\Autoloader.php(296): CodeIgniter\Autoloader\Autoloader->includeFile('C:\\xampp\\htdocs\\CODEIGNITERNUEVO\\app\\Models\\EnergiaModel.php')
 2 SYSTEMPATH\Autoloader\Autoloader.php(272): CodeIgniter\Autoloader\Autoloader->loadInNamespace('App\\Models\\EnergiaModel')
 3 APPPATH\Controllers\Energia.php(11): CodeIgniter\Autoloader\Autoloader->loadClass('App\\Models\\EnergiaModel')
 4 SYSTEMPATH\CodeIgniter.php(903): App\Controllers\Energia->__construct()
 5 SYSTEMPATH\CodeIgniter.php(500): CodeIgniter\CodeIgniter->createController()
 6 SYSTEMPATH\CodeIgniter.php(355): CodeIgniter\CodeIgniter->handleRequest(null, Object(Config\Cache), false)
 7 SYSTEMPATH\Boot.php(325): CodeIgniter\CodeIgniter->run()
 8 SYSTEMPATH\Boot.php(67): CodeIgniter\Boot::runCodeIgniter(Object(CodeIgniter\CodeIgniter))
 9 FCPATH\index.php(56): CodeIgniter\Boot::bootWeb(Object(Config\Paths))
CRITICAL - 2024-11-27 17:48:09 --> ParseError: syntax error, unexpected token "return", expecting "function" or "const"
[Method: GET, Route: energia]
in APPPATH\Models\EnergiaModel.php on line 16.
 1 SYSTEMPATH\Autoloader\Autoloader.php(296): CodeIgniter\Autoloader\Autoloader->includeFile('C:\\xampp\\htdocs\\CODEIGNITERNUEVO\\app\\Models\\EnergiaModel.php')
 2 SYSTEMPATH\Autoloader\Autoloader.php(272): CodeIgniter\Autoloader\Autoloader->loadInNamespace('App\\Models\\EnergiaModel')
 3 APPPATH\Controllers\Energia.php(11): CodeIgniter\Autoloader\Autoloader->loadClass('App\\Models\\EnergiaModel')
 4 SYSTEMPATH\CodeIgniter.php(903): App\Controllers\Energia->__construct()
 5 SYSTEMPATH\CodeIgniter.php(500): CodeIgniter\CodeIgniter->createController()
 6 SYSTEMPATH\CodeIgniter.php(355): CodeIgniter\CodeIgniter->handleRequest(null, Object(Config\Cache), false)
 7 SYSTEMPATH\Boot.php(325): CodeIgniter\CodeIgniter->run()
 8 SYSTEMPATH\Boot.php(67): CodeIgniter\Boot::runCodeIgniter(Object(CodeIgniter\CodeIgniter))
 9 FCPATH\index.php(56): CodeIgniter\Boot::bootWeb(Object(Config\Paths))
CRITICAL - 2024-11-27 17:48:10 --> ParseError: syntax error, unexpected token "return", expecting "function" or "const"
[Method: GET, Route: energia]
in APPPATH\Models\EnergiaModel.php on line 16.
 1 SYSTEMPATH\Autoloader\Autoloader.php(296): CodeIgniter\Autoloader\Autoloader->includeFile('C:\\xampp\\htdocs\\CODEIGNITERNUEVO\\app\\Models\\EnergiaModel.php')
 2 SYSTEMPATH\Autoloader\Autoloader.php(272): CodeIgniter\Autoloader\Autoloader->loadInNamespace('App\\Models\\EnergiaModel')
 3 APPPATH\Controllers\Energia.php(11): CodeIgniter\Autoloader\Autoloader->loadClass('App\\Models\\EnergiaModel')
 4 SYSTEMPATH\CodeIgniter.php(903): App\Controllers\Energia->__construct()
 5 SYSTEMPATH\CodeIgniter.php(500): CodeIgniter\CodeIgniter->createController()
 6 SYSTEMPATH\CodeIgniter.php(355): CodeIgniter\CodeIgniter->handleRequest(null, Object(Config\Cache), false)
 7 SYSTEMPATH\Boot.php(325): CodeIgniter\CodeIgniter->run()
 8 SYSTEMPATH\Boot.php(67): CodeIgniter\Boot::runCodeIgniter(Object(CodeIgniter\CodeIgniter))
 9 FCPATH\index.php(56): CodeIgniter\Boot::bootWeb(Object(Config\Paths))
CRITICAL - 2024-11-27 17:48:19 --> ParseError: syntax error, unexpected token "{", expecting "function" or "const"
[Method: GET, Route: energia]
in APPPATH\Models\EnergiaModel.php on line 15.
 1 SYSTEMPATH\Autoloader\Autoloader.php(296): CodeIgniter\Autoloader\Autoloader->includeFile('C:\\xampp\\htdocs\\CODEIGNITERNUEVO\\app\\Models\\EnergiaModel.php')
 2 SYSTEMPATH\Autoloader\Autoloader.php(272): CodeIgniter\Autoloader\Autoloader->loadInNamespace('App\\Models\\EnergiaModel')
 3 APPPATH\Controllers\Energia.php(11): CodeIgniter\Autoloader\Autoloader->loadClass('App\\Models\\EnergiaModel')
 4 SYSTEMPATH\CodeIgniter.php(903): App\Controllers\Energia->__construct()
 5 SYSTEMPATH\CodeIgniter.php(500): CodeIgniter\CodeIgniter->createController()
 6 SYSTEMPATH\CodeIgniter.php(355): CodeIgniter\CodeIgniter->handleRequest(null, Object(Config\Cache), false)
 7 SYSTEMPATH\Boot.php(325): CodeIgniter\CodeIgniter->run()
 8 SYSTEMPATH\Boot.php(67): CodeIgniter\Boot::runCodeIgniter(Object(CodeIgniter\CodeIgniter))
 9 FCPATH\index.php(56): CodeIgniter\Boot::bootWeb(Object(Config\Paths))
CRITICAL - 2024-11-27 17:48:32 --> ParseError: syntax error, unexpected token "{", expecting "function" or "const"
[Method: GET, Route: energia]
in APPPATH\Models\EnergiaModel.php on line 15.
 1 SYSTEMPATH\Autoloader\Autoloader.php(296): CodeIgniter\Autoloader\Autoloader->includeFile('C:\\xampp\\htdocs\\CODEIGNITERNUEVO\\app\\Models\\EnergiaModel.php')
 2 SYSTEMPATH\Autoloader\Autoloader.php(272): CodeIgniter\Autoloader\Autoloader->loadInNamespace('App\\Models\\EnergiaModel')
 3 APPPATH\Controllers\Energia.php(11): CodeIgniter\Autoloader\Autoloader->loadClass('App\\Models\\EnergiaModel')
 4 SYSTEMPATH\CodeIgniter.php(903): App\Controllers\Energia->__construct()
 5 SYSTEMPATH\CodeIgniter.php(500): CodeIgniter\CodeIgniter->createController()
 6 SYSTEMPATH\CodeIgniter.php(355): CodeIgniter\CodeIgniter->handleRequest(null, Object(Config\Cache), false)
 7 SYSTEMPATH\Boot.php(325): CodeIgniter\CodeIgniter->run()
 8 SYSTEMPATH\Boot.php(67): CodeIgniter\Boot::runCodeIgniter(Object(CodeIgniter\CodeIgniter))
 9 FCPATH\index.php(56): CodeIgniter\Boot::bootWeb(Object(Config\Paths))
CRITICAL - 2024-11-27 17:48:35 --> ParseError: syntax error, unexpected token "{", expecting "function" or "const"
[Method: GET, Route: energia]
in APPPATH\Models\EnergiaModel.php on line 15.
 1 SYSTEMPATH\Autoloader\Autoloader.php(296): CodeIgniter\Autoloader\Autoloader->includeFile('C:\\xampp\\htdocs\\CODEIGNITERNUEVO\\app\\Models\\EnergiaModel.php')
 2 SYSTEMPATH\Autoloader\Autoloader.php(272): CodeIgniter\Autoloader\Autoloader->loadInNamespace('App\\Models\\EnergiaModel')
 3 APPPATH\Controllers\Energia.php(11): CodeIgniter\Autoloader\Autoloader->loadClass('App\\Models\\EnergiaModel')
 4 SYSTEMPATH\CodeIgniter.php(903): App\Controllers\Energia->__construct()
 5 SYSTEMPATH\CodeIgniter.php(500): CodeIgniter\CodeIgniter->createController()
 6 SYSTEMPATH\CodeIgniter.php(355): CodeIgniter\CodeIgniter->handleRequest(null, Object(Config\Cache), false)
 7 SYSTEMPATH\Boot.php(325): CodeIgniter\CodeIgniter->run()
 8 SYSTEMPATH\Boot.php(67): CodeIgniter\Boot::runCodeIgniter(Object(CodeIgniter\CodeIgniter))
 9 FCPATH\index.php(56): CodeIgniter\Boot::bootWeb(Object(Config\Paths))
CRITICAL - 2024-11-27 17:48:35 --> ParseError: syntax error, unexpected token "{", expecting "function" or "const"
[Method: GET, Route: energia]
in APPPATH\Models\EnergiaModel.php on line 15.
 1 SYSTEMPATH\Autoloader\Autoloader.php(296): CodeIgniter\Autoloader\Autoloader->includeFile('C:\\xampp\\htdocs\\CODEIGNITERNUEVO\\app\\Models\\EnergiaModel.php')
 2 SYSTEMPATH\Autoloader\Autoloader.php(272): CodeIgniter\Autoloader\Autoloader->loadInNamespace('App\\Models\\EnergiaModel')
 3 APPPATH\Controllers\Energia.php(11): CodeIgniter\Autoloader\Autoloader->loadClass('App\\Models\\EnergiaModel')
 4 SYSTEMPATH\CodeIgniter.php(903): App\Controllers\Energia->__construct()
 5 SYSTEMPATH\CodeIgniter.php(500): CodeIgniter\CodeIgniter->createController()
 6 SYSTEMPATH\CodeIgniter.php(355): CodeIgniter\CodeIgniter->handleRequest(null, Object(Config\Cache), false)
 7 SYSTEMPATH\Boot.php(325): CodeIgniter\CodeIgniter->run()
 8 SYSTEMPATH\Boot.php(67): CodeIgniter\Boot::runCodeIgniter(Object(CodeIgniter\CodeIgniter))
 9 FCPATH\index.php(56): CodeIgniter\Boot::bootWeb(Object(Config\Paths))
CRITICAL - 2024-11-27 17:48:36 --> ParseError: syntax error, unexpected token "{", expecting "function" or "const"
[Method: GET, Route: energia]
in APPPATH\Models\EnergiaModel.php on line 15.
 1 SYSTEMPATH\Autoloader\Autoloader.php(296): CodeIgniter\Autoloader\Autoloader->includeFile('C:\\xampp\\htdocs\\CODEIGNITERNUEVO\\app\\Models\\EnergiaModel.php')
 2 SYSTEMPATH\Autoloader\Autoloader.php(272): CodeIgniter\Autoloader\Autoloader->loadInNamespace('App\\Models\\EnergiaModel')
 3 APPPATH\Controllers\Energia.php(11): CodeIgniter\Autoloader\Autoloader->loadClass('App\\Models\\EnergiaModel')
 4 SYSTEMPATH\CodeIgniter.php(903): App\Controllers\Energia->__construct()
 5 SYSTEMPATH\CodeIgniter.php(500): CodeIgniter\CodeIgniter->createController()
 6 SYSTEMPATH\CodeIgniter.php(355): CodeIgniter\CodeIgniter->handleRequest(null, Object(Config\Cache), false)
 7 SYSTEMPATH\Boot.php(325): CodeIgniter\CodeIgniter->run()
 8 SYSTEMPATH\Boot.php(67): CodeIgniter\Boot::runCodeIgniter(Object(CodeIgniter\CodeIgniter))
 9 FCPATH\index.php(56): CodeIgniter\Boot::bootWeb(Object(Config\Paths))
CRITICAL - 2024-11-27 17:48:36 --> ParseError: syntax error, unexpected token "{", expecting "function" or "const"
[Method: GET, Route: energia]
in APPPATH\Models\EnergiaModel.php on line 15.
 1 SYSTEMPATH\Autoloader\Autoloader.php(296): CodeIgniter\Autoloader\Autoloader->includeFile('C:\\xampp\\htdocs\\CODEIGNITERNUEVO\\app\\Models\\EnergiaModel.php')
 2 SYSTEMPATH\Autoloader\Autoloader.php(272): CodeIgniter\Autoloader\Autoloader->loadInNamespace('App\\Models\\EnergiaModel')
 3 APPPATH\Controllers\Energia.php(11): CodeIgniter\Autoloader\Autoloader->loadClass('App\\Models\\EnergiaModel')
 4 SYSTEMPATH\CodeIgniter.php(903): App\Controllers\Energia->__construct()
 5 SYSTEMPATH\CodeIgniter.php(500): CodeIgniter\CodeIgniter->createController()
 6 SYSTEMPATH\CodeIgniter.php(355): CodeIgniter\CodeIgniter->handleRequest(null, Object(Config\Cache), false)
 7 SYSTEMPATH\Boot.php(325): CodeIgniter\CodeIgniter->run()
 8 SYSTEMPATH\Boot.php(67): CodeIgniter\Boot::runCodeIgniter(Object(CodeIgniter\CodeIgniter))
 9 FCPATH\index.php(56): CodeIgniter\Boot::bootWeb(Object(Config\Paths))
CRITICAL - 2024-11-27 17:48:36 --> ParseError: syntax error, unexpected token "{", expecting "function" or "const"
[Method: GET, Route: energia]
in APPPATH\Models\EnergiaModel.php on line 15.
 1 SYSTEMPATH\Autoloader\Autoloader.php(296): CodeIgniter\Autoloader\Autoloader->includeFile('C:\\xampp\\htdocs\\CODEIGNITERNUEVO\\app\\Models\\EnergiaModel.php')
 2 SYSTEMPATH\Autoloader\Autoloader.php(272): CodeIgniter\Autoloader\Autoloader->loadInNamespace('App\\Models\\EnergiaModel')
 3 APPPATH\Controllers\Energia.php(11): CodeIgniter\Autoloader\Autoloader->loadClass('App\\Models\\EnergiaModel')
 4 SYSTEMPATH\CodeIgniter.php(903): App\Controllers\Energia->__construct()
 5 SYSTEMPATH\CodeIgniter.php(500): CodeIgniter\CodeIgniter->createController()
 6 SYSTEMPATH\CodeIgniter.php(355): CodeIgniter\CodeIgniter->handleRequest(null, Object(Config\Cache), false)
 7 SYSTEMPATH\Boot.php(325): CodeIgniter\CodeIgniter->run()
 8 SYSTEMPATH\Boot.php(67): CodeIgniter\Boot::runCodeIgniter(Object(CodeIgniter\CodeIgniter))
 9 FCPATH\index.php(56): CodeIgniter\Boot::bootWeb(Object(Config\Paths))
CRITICAL - 2024-11-27 17:48:36 --> ParseError: syntax error, unexpected token "{", expecting "function" or "const"
[Method: GET, Route: energia]
in APPPATH\Models\EnergiaModel.php on line 15.
 1 SYSTEMPATH\Autoloader\Autoloader.php(296): CodeIgniter\Autoloader\Autoloader->includeFile('C:\\xampp\\htdocs\\CODEIGNITERNUEVO\\app\\Models\\EnergiaModel.php')
 2 SYSTEMPATH\Autoloader\Autoloader.php(272): CodeIgniter\Autoloader\Autoloader->loadInNamespace('App\\Models\\EnergiaModel')
 3 APPPATH\Controllers\Energia.php(11): CodeIgniter\Autoloader\Autoloader->loadClass('App\\Models\\EnergiaModel')
 4 SYSTEMPATH\CodeIgniter.php(903): App\Controllers\Energia->__construct()
 5 SYSTEMPATH\CodeIgniter.php(500): CodeIgniter\CodeIgniter->createController()
 6 SYSTEMPATH\CodeIgniter.php(355): CodeIgniter\CodeIgniter->handleRequest(null, Object(Config\Cache), false)
 7 SYSTEMPATH\Boot.php(325): CodeIgniter\CodeIgniter->run()
 8 SYSTEMPATH\Boot.php(67): CodeIgniter\Boot::runCodeIgniter(Object(CodeIgniter\CodeIgniter))
 9 FCPATH\index.php(56): CodeIgniter\Boot::bootWeb(Object(Config\Paths))
CRITICAL - 2024-11-27 17:48:36 --> ParseError: syntax error, unexpected token "{", expecting "function" or "const"
[Method: GET, Route: energia]
in APPPATH\Models\EnergiaModel.php on line 15.
 1 SYSTEMPATH\Autoloader\Autoloader.php(296): CodeIgniter\Autoloader\Autoloader->includeFile('C:\\xampp\\htdocs\\CODEIGNITERNUEVO\\app\\Models\\EnergiaModel.php')
 2 SYSTEMPATH\Autoloader\Autoloader.php(272): CodeIgniter\Autoloader\Autoloader->loadInNamespace('App\\Models\\EnergiaModel')
 3 APPPATH\Controllers\Energia.php(11): CodeIgniter\Autoloader\Autoloader->loadClass('App\\Models\\EnergiaModel')
 4 SYSTEMPATH\CodeIgniter.php(903): App\Controllers\Energia->__construct()
 5 SYSTEMPATH\CodeIgniter.php(500): CodeIgniter\CodeIgniter->createController()
 6 SYSTEMPATH\CodeIgniter.php(355): CodeIgniter\CodeIgniter->handleRequest(null, Object(Config\Cache), false)
 7 SYSTEMPATH\Boot.php(325): CodeIgniter\CodeIgniter->run()
 8 SYSTEMPATH\Boot.php(67): CodeIgniter\Boot::runCodeIgniter(Object(CodeIgniter\CodeIgniter))
 9 FCPATH\index.php(56): CodeIgniter\Boot::bootWeb(Object(Config\Paths))
CRITICAL - 2024-11-27 17:48:38 --> ParseError: syntax error, unexpected token "{", expecting "function" or "const"
[Method: GET, Route: energia]
in APPPATH\Models\EnergiaModel.php on line 15.
 1 SYSTEMPATH\Autoloader\Autoloader.php(296): CodeIgniter\Autoloader\Autoloader->includeFile('C:\\xampp\\htdocs\\CODEIGNITERNUEVO\\app\\Models\\EnergiaModel.php')
 2 SYSTEMPATH\Autoloader\Autoloader.php(272): CodeIgniter\Autoloader\Autoloader->loadInNamespace('App\\Models\\EnergiaModel')
 3 APPPATH\Controllers\Energia.php(11): CodeIgniter\Autoloader\Autoloader->loadClass('App\\Models\\EnergiaModel')
 4 SYSTEMPATH\CodeIgniter.php(903): App\Controllers\Energia->__construct()
 5 SYSTEMPATH\CodeIgniter.php(500): CodeIgniter\CodeIgniter->createController()
 6 SYSTEMPATH\CodeIgniter.php(355): CodeIgniter\CodeIgniter->handleRequest(null, Object(Config\Cache), false)
 7 SYSTEMPATH\Boot.php(325): CodeIgniter\CodeIgniter->run()
 8 SYSTEMPATH\Boot.php(67): CodeIgniter\Boot::runCodeIgniter(Object(CodeIgniter\CodeIgniter))
 9 FCPATH\index.php(56): CodeIgniter\Boot::bootWeb(Object(Config\Paths))
CRITICAL - 2024-11-27 17:50:22 --> BadMethodCallException: Call to undefined method App\Models\EnergiaModel::getLimiteConsumo
[Method: GET, Route: energia]
in SYSTEMPATH\Model.php on line 932.
 1 APPPATH\Controllers\Energia.php(68): CodeIgniter\Model->__call('getLimiteConsumo', [])
 2 SYSTEMPATH\CodeIgniter.php(933): App\Controllers\Energia->index()
 3 SYSTEMPATH\CodeIgniter.php(509): CodeIgniter\CodeIgniter->runController(Object(App\Controllers\Energia))
 4 SYSTEMPATH\CodeIgniter.php(355): CodeIgniter\CodeIgniter->handleRequest(null, Object(Config\Cache), false)
 5 SYSTEMPATH\Boot.php(325): CodeIgniter\CodeIgniter->run()
 6 SYSTEMPATH\Boot.php(67): CodeIgniter\Boot::runCodeIgniter(Object(CodeIgniter\CodeIgniter))
 7 FCPATH\index.php(56): CodeIgniter\Boot::bootWeb(Object(Config\Paths))
