ERROR - 2025-04-11 01:11:04 --> mysqli_sql_exception: You have an error in your SQL syntax; check the manual that corresponds to your MariaDB server version for the right syntax to use near ') VALUES ('elvergalaranashe07@gmail.com', '998feb2a2ca2165a7c084c49c61558957f...' at line 1 in C:\xampp\htdocs\Tesina\system\Database\MySQLi\Connection.php:312
Stack trace:
#0 C:\xampp\htdocs\Tesina\system\Database\MySQLi\Connection.php(312): mysqli->query('INSERT INTO `in...', 0)
#1 C:\xampp\htdocs\Tesina\system\Database\BaseConnection.php(734): CodeIgniter\Database\MySQLi\Connection->execute('INSERT INTO `in...')
#2 C:\xampp\htdocs\Tesina\system\Database\BaseConnection.php(648): CodeIgniter\Database\BaseConnection->simpleQuery('INSERT INTO `in...')
#3 C:\xampp\htdocs\Tesina\system\Database\BaseBuilder.php(2340): CodeIgniter\Database\BaseConnection->query('INSERT INTO `in...', Array, false)
#4 C:\xampp\htdocs\Tesina\system\Model.php(394): CodeIgniter\Database\BaseBuilder->insert()
#5 C:\xampp\htdocs\Tesina\system\BaseModel.php(840): CodeIgniter\Model->doInsert(Array)
#6 C:\xampp\htdocs\Tesina\system\Model.php(802): CodeIgniter\BaseModel->insert(Array, true)
#7 C:\xampp\htdocs\Tesina\app\Models\InvitacionModel.php(30): CodeIgniter\Model->insert(Array)
#8 C:\xampp\htdocs\Tesina\app\Controllers\Admin.php(79): App\Models\InvitacionModel->crearInvitacion('elvergalaranash...', '1')
#9 C:\xampp\htdocs\Tesina\system\CodeIgniter.php(933): App\Controllers\Admin->enviarInvitacion()
#10 C:\xampp\htdocs\Tesina\system\CodeIgniter.php(509): CodeIgniter\CodeIgniter->runController(Object(App\Controllers\Admin))
#11 C:\xampp\htdocs\Tesina\system\CodeIgniter.php(355): CodeIgniter\CodeIgniter->handleRequest(NULL, Object(Config\Cache), false)
#12 C:\xampp\htdocs\Tesina\system\Boot.php(325): CodeIgniter\CodeIgniter->run()
#13 C:\xampp\htdocs\Tesina\system\Boot.php(67): CodeIgniter\Boot::runCodeIgniter(Object(CodeIgniter\CodeIgniter))
#14 C:\xampp\htdocs\Tesina\public\index.php(56): CodeIgniter\Boot::bootWeb(Object(Config\Paths))
#15 {main}
CRITICAL - 2025-04-11 01:11:04 --> CodeIgniter\Database\Exceptions\DatabaseException: You have an error in your SQL syntax; check the manual that corresponds to your MariaDB server version for the right syntax to use near ') VALUES ('elvergalaranashe07@gmail.com', '998feb2a2ca2165a7c084c49c61558957f...' at line 1
[Method: POST, Route: admin/enviarInvitacion]
in SYSTEMPATH\Database\BaseConnection.php on line 688.
 1 SYSTEMPATH\Database\BaseBuilder.php(2340): CodeIgniter\Database\BaseConnection->query('INSERT INTO `invitaciones` (`email`, `token`, `fecha_expiracion`, `id_rol`, `estado`, `created_at`, ) VALUES (:email:, :token:, :fecha_expiracion:, :id_rol:, :estado:, :created_at:, ::)', [...], false)
 2 SYSTEMPATH\Model.php(394): CodeIgniter\Database\BaseBuilder->insert()
 3 SYSTEMPATH\BaseModel.php(840): CodeIgniter\Model->doInsert([...])
 4 SYSTEMPATH\Model.php(802): CodeIgniter\BaseModel->insert([...], true)
 5 APPPATH\Models\InvitacionModel.php(30): CodeIgniter\Model->insert([...])
 6 APPPATH\Controllers\Admin.php(79): App\Models\InvitacionModel->crearInvitacion('elvergalaranashe07@gmail.com', '1')
 7 SYSTEMPATH\CodeIgniter.php(933): App\Controllers\Admin->enviarInvitacion()
 8 SYSTEMPATH\CodeIgniter.php(509): CodeIgniter\CodeIgniter->runController(Object(App\Controllers\Admin))
 9 SYSTEMPATH\CodeIgniter.php(355): CodeIgniter\CodeIgniter->handleRequest(null, Object(Config\Cache), false)
10 SYSTEMPATH\Boot.php(325): CodeIgniter\CodeIgniter->run()
11 SYSTEMPATH\Boot.php(67): CodeIgniter\Boot::runCodeIgniter(Object(CodeIgniter\CodeIgniter))
12 FCPATH\index.php(56): CodeIgniter\Boot::bootWeb(Object(Config\Paths))
CRITICAL - 2025-04-11 01:11:04 --> [Caused by] CodeIgniter\Database\Exceptions\DatabaseException: You have an error in your SQL syntax; check the manual that corresponds to your MariaDB server version for the right syntax to use near ') VALUES ('elvergalaranashe07@gmail.com', '998feb2a2ca2165a7c084c49c61558957f...' at line 1
in SYSTEMPATH\Database\MySQLi\Connection.php on line 317.
 1 SYSTEMPATH\Database\BaseConnection.php(734): CodeIgniter\Database\MySQLi\Connection->execute('INSERT INTO `invitaciones` (`email`, `token`, `fecha_expiracion`, `id_rol`, `estado`, `created_at`, ) VALUES (\'elvergalaranashe07@gmail.com\', \'998feb2a2ca2165a7c084c49c61558957f6a05dde5ec7e549c83cadec0729e09\', \'2025-04-18 01:11:04\', \'1\', \'pendiente\', \'2025-04-11 01:11:04\', \'2025-04-11 01:11:04\')')
 2 SYSTEMPATH\Database\BaseConnection.php(648): CodeIgniter\Database\BaseConnection->simpleQuery('INSERT INTO `invitaciones` (`email`, `token`, `fecha_expiracion`, `id_rol`, `estado`, `created_at`, ) VALUES (\'elvergalaranashe07@gmail.com\', \'998feb2a2ca2165a7c084c49c61558957f6a05dde5ec7e549c83cadec0729e09\', \'2025-04-18 01:11:04\', \'1\', \'pendiente\', \'2025-04-11 01:11:04\', \'2025-04-11 01:11:04\')')
 3 SYSTEMPATH\Database\BaseBuilder.php(2340): CodeIgniter\Database\BaseConnection->query('INSERT INTO `invitaciones` (`email`, `token`, `fecha_expiracion`, `id_rol`, `estado`, `created_at`, ) VALUES (:email:, :token:, :fecha_expiracion:, :id_rol:, :estado:, :created_at:, ::)', [...], false)
 4 SYSTEMPATH\Model.php(394): CodeIgniter\Database\BaseBuilder->insert()
 5 SYSTEMPATH\BaseModel.php(840): CodeIgniter\Model->doInsert([...])
 6 SYSTEMPATH\Model.php(802): CodeIgniter\BaseModel->insert([...], true)
 7 APPPATH\Models\InvitacionModel.php(30): CodeIgniter\Model->insert([...])
 8 APPPATH\Controllers\Admin.php(79): App\Models\InvitacionModel->crearInvitacion('elvergalaranashe07@gmail.com', '1')
 9 SYSTEMPATH\CodeIgniter.php(933): App\Controllers\Admin->enviarInvitacion()
10 SYSTEMPATH\CodeIgniter.php(509): CodeIgniter\CodeIgniter->runController(Object(App\Controllers\Admin))
11 SYSTEMPATH\CodeIgniter.php(355): CodeIgniter\CodeIgniter->handleRequest(null, Object(Config\Cache), false)
12 SYSTEMPATH\Boot.php(325): CodeIgniter\CodeIgniter->run()
13 SYSTEMPATH\Boot.php(67): CodeIgniter\Boot::runCodeIgniter(Object(CodeIgniter\CodeIgniter))
14 FCPATH\index.php(56): CodeIgniter\Boot::bootWeb(Object(Config\Paths))
CRITICAL - 2025-04-11 01:11:04 --> [Caused by] mysqli_sql_exception: You have an error in your SQL syntax; check the manual that corresponds to your MariaDB server version for the right syntax to use near ') VALUES ('elvergalaranashe07@gmail.com', '998feb2a2ca2165a7c084c49c61558957f...' at line 1
in SYSTEMPATH\Database\MySQLi\Connection.php on line 312.
 1 SYSTEMPATH\Database\MySQLi\Connection.php(312): mysqli->query('INSERT INTO `invitaciones` (`email`, `token`, `fecha_expiracion`, `id_rol`, `estado`, `created_at`, ) VALUES (\'elvergalaranashe07@gmail.com\', \'998feb2a2ca2165a7c084c49c61558957f6a05dde5ec7e549c83cadec0729e09\', \'2025-04-18 01:11:04\', \'1\', \'pendiente\', \'2025-04-11 01:11:04\', \'2025-04-11 01:11:04\')', 0)
 2 SYSTEMPATH\Database\BaseConnection.php(734): CodeIgniter\Database\MySQLi\Connection->execute('INSERT INTO `invitaciones` (`email`, `token`, `fecha_expiracion`, `id_rol`, `estado`, `created_at`, ) VALUES (\'elvergalaranashe07@gmail.com\', \'998feb2a2ca2165a7c084c49c61558957f6a05dde5ec7e549c83cadec0729e09\', \'2025-04-18 01:11:04\', \'1\', \'pendiente\', \'2025-04-11 01:11:04\', \'2025-04-11 01:11:04\')')
 3 SYSTEMPATH\Database\BaseConnection.php(648): CodeIgniter\Database\BaseConnection->simpleQuery('INSERT INTO `invitaciones` (`email`, `token`, `fecha_expiracion`, `id_rol`, `estado`, `created_at`, ) VALUES (\'elvergalaranashe07@gmail.com\', \'998feb2a2ca2165a7c084c49c61558957f6a05dde5ec7e549c83cadec0729e09\', \'2025-04-18 01:11:04\', \'1\', \'pendiente\', \'2025-04-11 01:11:04\', \'2025-04-11 01:11:04\')')
 4 SYSTEMPATH\Database\BaseBuilder.php(2340): CodeIgniter\Database\BaseConnection->query('INSERT INTO `invitaciones` (`email`, `token`, `fecha_expiracion`, `id_rol`, `estado`, `created_at`, ) VALUES (:email:, :token:, :fecha_expiracion:, :id_rol:, :estado:, :created_at:, ::)', [...], false)
 5 SYSTEMPATH\Model.php(394): CodeIgniter\Database\BaseBuilder->insert()
 6 SYSTEMPATH\BaseModel.php(840): CodeIgniter\Model->doInsert([...])
 7 SYSTEMPATH\Model.php(802): CodeIgniter\BaseModel->insert([...], true)
 8 APPPATH\Models\InvitacionModel.php(30): CodeIgniter\Model->insert([...])
 9 APPPATH\Controllers\Admin.php(79): App\Models\InvitacionModel->crearInvitacion('elvergalaranashe07@gmail.com', '1')
10 SYSTEMPATH\CodeIgniter.php(933): App\Controllers\Admin->enviarInvitacion()
11 SYSTEMPATH\CodeIgniter.php(509): CodeIgniter\CodeIgniter->runController(Object(App\Controllers\Admin))
12 SYSTEMPATH\CodeIgniter.php(355): CodeIgniter\CodeIgniter->handleRequest(null, Object(Config\Cache), false)
13 SYSTEMPATH\Boot.php(325): CodeIgniter\CodeIgniter->run()
14 SYSTEMPATH\Boot.php(67): CodeIgniter\Boot::runCodeIgniter(Object(CodeIgniter\CodeIgniter))
15 FCPATH\index.php(56): CodeIgniter\Boot::bootWeb(Object(Config\Paths))
ERROR - 2025-04-11 01:12:15 --> mysqli_sql_exception: You have an error in your SQL syntax; check the manual that corresponds to your MariaDB server version for the right syntax to use near ') VALUES ('elvergalaranashe07@gmail.com', 'f5fbe49a778310a736681d38e2f8515de2...' at line 1 in C:\xampp\htdocs\Tesina\system\Database\MySQLi\Connection.php:312
Stack trace:
#0 C:\xampp\htdocs\Tesina\system\Database\MySQLi\Connection.php(312): mysqli->query('INSERT INTO `in...', 0)
#1 C:\xampp\htdocs\Tesina\system\Database\BaseConnection.php(734): CodeIgniter\Database\MySQLi\Connection->execute('INSERT INTO `in...')
#2 C:\xampp\htdocs\Tesina\system\Database\BaseConnection.php(648): CodeIgniter\Database\BaseConnection->simpleQuery('INSERT INTO `in...')
#3 C:\xampp\htdocs\Tesina\system\Database\BaseBuilder.php(2340): CodeIgniter\Database\BaseConnection->query('INSERT INTO `in...', Array, false)
#4 C:\xampp\htdocs\Tesina\system\Model.php(394): CodeIgniter\Database\BaseBuilder->insert()
#5 C:\xampp\htdocs\Tesina\system\BaseModel.php(840): CodeIgniter\Model->doInsert(Array)
#6 C:\xampp\htdocs\Tesina\system\Model.php(802): CodeIgniter\BaseModel->insert(Array, true)
#7 C:\xampp\htdocs\Tesina\app\Models\InvitacionModel.php(30): CodeIgniter\Model->insert(Array)
#8 C:\xampp\htdocs\Tesina\app\Controllers\Admin.php(79): App\Models\InvitacionModel->crearInvitacion('elvergalaranash...', '2')
#9 C:\xampp\htdocs\Tesina\system\CodeIgniter.php(933): App\Controllers\Admin->enviarInvitacion()
#10 C:\xampp\htdocs\Tesina\system\CodeIgniter.php(509): CodeIgniter\CodeIgniter->runController(Object(App\Controllers\Admin))
#11 C:\xampp\htdocs\Tesina\system\CodeIgniter.php(355): CodeIgniter\CodeIgniter->handleRequest(NULL, Object(Config\Cache), false)
#12 C:\xampp\htdocs\Tesina\system\Boot.php(325): CodeIgniter\CodeIgniter->run()
#13 C:\xampp\htdocs\Tesina\system\Boot.php(67): CodeIgniter\Boot::runCodeIgniter(Object(CodeIgniter\CodeIgniter))
#14 C:\xampp\htdocs\Tesina\public\index.php(56): CodeIgniter\Boot::bootWeb(Object(Config\Paths))
#15 {main}
CRITICAL - 2025-04-11 01:12:15 --> CodeIgniter\Database\Exceptions\DatabaseException: You have an error in your SQL syntax; check the manual that corresponds to your MariaDB server version for the right syntax to use near ') VALUES ('elvergalaranashe07@gmail.com', 'f5fbe49a778310a736681d38e2f8515de2...' at line 1
[Method: POST, Route: admin/enviarInvitacion]
in SYSTEMPATH\Database\BaseConnection.php on line 688.
 1 SYSTEMPATH\Database\BaseBuilder.php(2340): CodeIgniter\Database\BaseConnection->query('INSERT INTO `invitaciones` (`email`, `token`, `fecha_expiracion`, `id_rol`, `estado`, `created_at`, ) VALUES (:email:, :token:, :fecha_expiracion:, :id_rol:, :estado:, :created_at:, ::)', [...], false)
 2 SYSTEMPATH\Model.php(394): CodeIgniter\Database\BaseBuilder->insert()
 3 SYSTEMPATH\BaseModel.php(840): CodeIgniter\Model->doInsert([...])
 4 SYSTEMPATH\Model.php(802): CodeIgniter\BaseModel->insert([...], true)
 5 APPPATH\Models\InvitacionModel.php(30): CodeIgniter\Model->insert([...])
 6 APPPATH\Controllers\Admin.php(79): App\Models\InvitacionModel->crearInvitacion('elvergalaranashe07@gmail.com', '2')
 7 SYSTEMPATH\CodeIgniter.php(933): App\Controllers\Admin->enviarInvitacion()
 8 SYSTEMPATH\CodeIgniter.php(509): CodeIgniter\CodeIgniter->runController(Object(App\Controllers\Admin))
 9 SYSTEMPATH\CodeIgniter.php(355): CodeIgniter\CodeIgniter->handleRequest(null, Object(Config\Cache), false)
10 SYSTEMPATH\Boot.php(325): CodeIgniter\CodeIgniter->run()
11 SYSTEMPATH\Boot.php(67): CodeIgniter\Boot::runCodeIgniter(Object(CodeIgniter\CodeIgniter))
12 FCPATH\index.php(56): CodeIgniter\Boot::bootWeb(Object(Config\Paths))
CRITICAL - 2025-04-11 01:12:15 --> [Caused by] CodeIgniter\Database\Exceptions\DatabaseException: You have an error in your SQL syntax; check the manual that corresponds to your MariaDB server version for the right syntax to use near ') VALUES ('elvergalaranashe07@gmail.com', 'f5fbe49a778310a736681d38e2f8515de2...' at line 1
in SYSTEMPATH\Database\MySQLi\Connection.php on line 317.
 1 SYSTEMPATH\Database\BaseConnection.php(734): CodeIgniter\Database\MySQLi\Connection->execute('INSERT INTO `invitaciones` (`email`, `token`, `fecha_expiracion`, `id_rol`, `estado`, `created_at`, ) VALUES (\'elvergalaranashe07@gmail.com\', \'f5fbe49a778310a736681d38e2f8515de2c27f4b30e599c715531b539414b5e9\', \'2025-04-18 01:12:15\', \'2\', \'pendiente\', \'2025-04-11 01:12:15\', \'2025-04-11 01:12:15\')')
 2 SYSTEMPATH\Database\BaseConnection.php(648): CodeIgniter\Database\BaseConnection->simpleQuery('INSERT INTO `invitaciones` (`email`, `token`, `fecha_expiracion`, `id_rol`, `estado`, `created_at`, ) VALUES (\'elvergalaranashe07@gmail.com\', \'f5fbe49a778310a736681d38e2f8515de2c27f4b30e599c715531b539414b5e9\', \'2025-04-18 01:12:15\', \'2\', \'pendiente\', \'2025-04-11 01:12:15\', \'2025-04-11 01:12:15\')')
 3 SYSTEMPATH\Database\BaseBuilder.php(2340): CodeIgniter\Database\BaseConnection->query('INSERT INTO `invitaciones` (`email`, `token`, `fecha_expiracion`, `id_rol`, `estado`, `created_at`, ) VALUES (:email:, :token:, :fecha_expiracion:, :id_rol:, :estado:, :created_at:, ::)', [...], false)
 4 SYSTEMPATH\Model.php(394): CodeIgniter\Database\BaseBuilder->insert()
 5 SYSTEMPATH\BaseModel.php(840): CodeIgniter\Model->doInsert([...])
 6 SYSTEMPATH\Model.php(802): CodeIgniter\BaseModel->insert([...], true)
 7 APPPATH\Models\InvitacionModel.php(30): CodeIgniter\Model->insert([...])
 8 APPPATH\Controllers\Admin.php(79): App\Models\InvitacionModel->crearInvitacion('elvergalaranashe07@gmail.com', '2')
 9 SYSTEMPATH\CodeIgniter.php(933): App\Controllers\Admin->enviarInvitacion()
10 SYSTEMPATH\CodeIgniter.php(509): CodeIgniter\CodeIgniter->runController(Object(App\Controllers\Admin))
11 SYSTEMPATH\CodeIgniter.php(355): CodeIgniter\CodeIgniter->handleRequest(null, Object(Config\Cache), false)
12 SYSTEMPATH\Boot.php(325): CodeIgniter\CodeIgniter->run()
13 SYSTEMPATH\Boot.php(67): CodeIgniter\Boot::runCodeIgniter(Object(CodeIgniter\CodeIgniter))
14 FCPATH\index.php(56): CodeIgniter\Boot::bootWeb(Object(Config\Paths))
CRITICAL - 2025-04-11 01:12:15 --> [Caused by] mysqli_sql_exception: You have an error in your SQL syntax; check the manual that corresponds to your MariaDB server version for the right syntax to use near ') VALUES ('elvergalaranashe07@gmail.com', 'f5fbe49a778310a736681d38e2f8515de2...' at line 1
in SYSTEMPATH\Database\MySQLi\Connection.php on line 312.
 1 SYSTEMPATH\Database\MySQLi\Connection.php(312): mysqli->query('INSERT INTO `invitaciones` (`email`, `token`, `fecha_expiracion`, `id_rol`, `estado`, `created_at`, ) VALUES (\'elvergalaranashe07@gmail.com\', \'f5fbe49a778310a736681d38e2f8515de2c27f4b30e599c715531b539414b5e9\', \'2025-04-18 01:12:15\', \'2\', \'pendiente\', \'2025-04-11 01:12:15\', \'2025-04-11 01:12:15\')', 0)
 2 SYSTEMPATH\Database\BaseConnection.php(734): CodeIgniter\Database\MySQLi\Connection->execute('INSERT INTO `invitaciones` (`email`, `token`, `fecha_expiracion`, `id_rol`, `estado`, `created_at`, ) VALUES (\'elvergalaranashe07@gmail.com\', \'f5fbe49a778310a736681d38e2f8515de2c27f4b30e599c715531b539414b5e9\', \'2025-04-18 01:12:15\', \'2\', \'pendiente\', \'2025-04-11 01:12:15\', \'2025-04-11 01:12:15\')')
 3 SYSTEMPATH\Database\BaseConnection.php(648): CodeIgniter\Database\BaseConnection->simpleQuery('INSERT INTO `invitaciones` (`email`, `token`, `fecha_expiracion`, `id_rol`, `estado`, `created_at`, ) VALUES (\'elvergalaranashe07@gmail.com\', \'f5fbe49a778310a736681d38e2f8515de2c27f4b30e599c715531b539414b5e9\', \'2025-04-18 01:12:15\', \'2\', \'pendiente\', \'2025-04-11 01:12:15\', \'2025-04-11 01:12:15\')')
 4 SYSTEMPATH\Database\BaseBuilder.php(2340): CodeIgniter\Database\BaseConnection->query('INSERT INTO `invitaciones` (`email`, `token`, `fecha_expiracion`, `id_rol`, `estado`, `created_at`, ) VALUES (:email:, :token:, :fecha_expiracion:, :id_rol:, :estado:, :created_at:, ::)', [...], false)
 5 SYSTEMPATH\Model.php(394): CodeIgniter\Database\BaseBuilder->insert()
 6 SYSTEMPATH\BaseModel.php(840): CodeIgniter\Model->doInsert([...])
 7 SYSTEMPATH\Model.php(802): CodeIgniter\BaseModel->insert([...], true)
 8 APPPATH\Models\InvitacionModel.php(30): CodeIgniter\Model->insert([...])
 9 APPPATH\Controllers\Admin.php(79): App\Models\InvitacionModel->crearInvitacion('elvergalaranashe07@gmail.com', '2')
10 SYSTEMPATH\CodeIgniter.php(933): App\Controllers\Admin->enviarInvitacion()
11 SYSTEMPATH\CodeIgniter.php(509): CodeIgniter\CodeIgniter->runController(Object(App\Controllers\Admin))
12 SYSTEMPATH\CodeIgniter.php(355): CodeIgniter\CodeIgniter->handleRequest(null, Object(Config\Cache), false)
13 SYSTEMPATH\Boot.php(325): CodeIgniter\CodeIgniter->run()
14 SYSTEMPATH\Boot.php(67): CodeIgniter\Boot::runCodeIgniter(Object(CodeIgniter\CodeIgniter))
15 FCPATH\index.php(56): CodeIgniter\Boot::bootWeb(Object(Config\Paths))
ERROR - 2025-04-11 01:13:07 --> mysqli_sql_exception: You have an error in your SQL syntax; check the manual that corresponds to your MariaDB server version for the right syntax to use near ') VALUES ('elvergalaranashe07@gmail.com', '02bef81c1f2922e8d711ca2d95e248579c...' at line 1 in C:\xampp\htdocs\Tesina\system\Database\MySQLi\Connection.php:312
Stack trace:
#0 C:\xampp\htdocs\Tesina\system\Database\MySQLi\Connection.php(312): mysqli->query('INSERT INTO `in...', 0)
#1 C:\xampp\htdocs\Tesina\system\Database\BaseConnection.php(734): CodeIgniter\Database\MySQLi\Connection->execute('INSERT INTO `in...')
#2 C:\xampp\htdocs\Tesina\system\Database\BaseConnection.php(648): CodeIgniter\Database\BaseConnection->simpleQuery('INSERT INTO `in...')
#3 C:\xampp\htdocs\Tesina\system\Database\BaseBuilder.php(2340): CodeIgniter\Database\BaseConnection->query('INSERT INTO `in...', Array, false)
#4 C:\xampp\htdocs\Tesina\system\Model.php(394): CodeIgniter\Database\BaseBuilder->insert()
#5 C:\xampp\htdocs\Tesina\system\BaseModel.php(840): CodeIgniter\Model->doInsert(Array)
#6 C:\xampp\htdocs\Tesina\system\Model.php(802): CodeIgniter\BaseModel->insert(Array, true)
#7 C:\xampp\htdocs\Tesina\app\Models\InvitacionModel.php(30): CodeIgniter\Model->insert(Array)
#8 C:\xampp\htdocs\Tesina\app\Controllers\Admin.php(79): App\Models\InvitacionModel->crearInvitacion('elvergalaranash...', '2')
#9 C:\xampp\htdocs\Tesina\system\CodeIgniter.php(933): App\Controllers\Admin->enviarInvitacion()
#10 C:\xampp\htdocs\Tesina\system\CodeIgniter.php(509): CodeIgniter\CodeIgniter->runController(Object(App\Controllers\Admin))
#11 C:\xampp\htdocs\Tesina\system\CodeIgniter.php(355): CodeIgniter\CodeIgniter->handleRequest(NULL, Object(Config\Cache), false)
#12 C:\xampp\htdocs\Tesina\system\Boot.php(325): CodeIgniter\CodeIgniter->run()
#13 C:\xampp\htdocs\Tesina\system\Boot.php(67): CodeIgniter\Boot::runCodeIgniter(Object(CodeIgniter\CodeIgniter))
#14 C:\xampp\htdocs\Tesina\public\index.php(56): CodeIgniter\Boot::bootWeb(Object(Config\Paths))
#15 {main}
CRITICAL - 2025-04-11 01:13:07 --> CodeIgniter\Database\Exceptions\DatabaseException: You have an error in your SQL syntax; check the manual that corresponds to your MariaDB server version for the right syntax to use near ') VALUES ('elvergalaranashe07@gmail.com', '02bef81c1f2922e8d711ca2d95e248579c...' at line 1
[Method: POST, Route: admin/enviarInvitacion]
in SYSTEMPATH\Database\BaseConnection.php on line 688.
 1 SYSTEMPATH\Database\BaseBuilder.php(2340): CodeIgniter\Database\BaseConnection->query('INSERT INTO `invitaciones` (`email`, `token`, `fecha_expiracion`, `id_rol`, `estado`, `created_at`, ) VALUES (:email:, :token:, :fecha_expiracion:, :id_rol:, :estado:, :created_at:, ::)', [...], false)
 2 SYSTEMPATH\Model.php(394): CodeIgniter\Database\BaseBuilder->insert()
 3 SYSTEMPATH\BaseModel.php(840): CodeIgniter\Model->doInsert([...])
 4 SYSTEMPATH\Model.php(802): CodeIgniter\BaseModel->insert([...], true)
 5 APPPATH\Models\InvitacionModel.php(30): CodeIgniter\Model->insert([...])
 6 APPPATH\Controllers\Admin.php(79): App\Models\InvitacionModel->crearInvitacion('elvergalaranashe07@gmail.com', '2')
 7 SYSTEMPATH\CodeIgniter.php(933): App\Controllers\Admin->enviarInvitacion()
 8 SYSTEMPATH\CodeIgniter.php(509): CodeIgniter\CodeIgniter->runController(Object(App\Controllers\Admin))
 9 SYSTEMPATH\CodeIgniter.php(355): CodeIgniter\CodeIgniter->handleRequest(null, Object(Config\Cache), false)
10 SYSTEMPATH\Boot.php(325): CodeIgniter\CodeIgniter->run()
11 SYSTEMPATH\Boot.php(67): CodeIgniter\Boot::runCodeIgniter(Object(CodeIgniter\CodeIgniter))
12 FCPATH\index.php(56): CodeIgniter\Boot::bootWeb(Object(Config\Paths))
CRITICAL - 2025-04-11 01:13:07 --> [Caused by] CodeIgniter\Database\Exceptions\DatabaseException: You have an error in your SQL syntax; check the manual that corresponds to your MariaDB server version for the right syntax to use near ') VALUES ('elvergalaranashe07@gmail.com', '02bef81c1f2922e8d711ca2d95e248579c...' at line 1
in SYSTEMPATH\Database\MySQLi\Connection.php on line 317.
 1 SYSTEMPATH\Database\BaseConnection.php(734): CodeIgniter\Database\MySQLi\Connection->execute('INSERT INTO `invitaciones` (`email`, `token`, `fecha_expiracion`, `id_rol`, `estado`, `created_at`, ) VALUES (\'elvergalaranashe07@gmail.com\', \'02bef81c1f2922e8d711ca2d95e248579c11d01b83fb2ecd56e4a6b94a9a2bba\', \'2025-04-18 01:13:07\', \'2\', \'pendiente\', \'2025-04-11 01:13:07\', \'2025-04-11 01:13:07\')')
 2 SYSTEMPATH\Database\BaseConnection.php(648): CodeIgniter\Database\BaseConnection->simpleQuery('INSERT INTO `invitaciones` (`email`, `token`, `fecha_expiracion`, `id_rol`, `estado`, `created_at`, ) VALUES (\'elvergalaranashe07@gmail.com\', \'02bef81c1f2922e8d711ca2d95e248579c11d01b83fb2ecd56e4a6b94a9a2bba\', \'2025-04-18 01:13:07\', \'2\', \'pendiente\', \'2025-04-11 01:13:07\', \'2025-04-11 01:13:07\')')
 3 SYSTEMPATH\Database\BaseBuilder.php(2340): CodeIgniter\Database\BaseConnection->query('INSERT INTO `invitaciones` (`email`, `token`, `fecha_expiracion`, `id_rol`, `estado`, `created_at`, ) VALUES (:email:, :token:, :fecha_expiracion:, :id_rol:, :estado:, :created_at:, ::)', [...], false)
 4 SYSTEMPATH\Model.php(394): CodeIgniter\Database\BaseBuilder->insert()
 5 SYSTEMPATH\BaseModel.php(840): CodeIgniter\Model->doInsert([...])
 6 SYSTEMPATH\Model.php(802): CodeIgniter\BaseModel->insert([...], true)
 7 APPPATH\Models\InvitacionModel.php(30): CodeIgniter\Model->insert([...])
 8 APPPATH\Controllers\Admin.php(79): App\Models\InvitacionModel->crearInvitacion('elvergalaranashe07@gmail.com', '2')
 9 SYSTEMPATH\CodeIgniter.php(933): App\Controllers\Admin->enviarInvitacion()
10 SYSTEMPATH\CodeIgniter.php(509): CodeIgniter\CodeIgniter->runController(Object(App\Controllers\Admin))
11 SYSTEMPATH\CodeIgniter.php(355): CodeIgniter\CodeIgniter->handleRequest(null, Object(Config\Cache), false)
12 SYSTEMPATH\Boot.php(325): CodeIgniter\CodeIgniter->run()
13 SYSTEMPATH\Boot.php(67): CodeIgniter\Boot::runCodeIgniter(Object(CodeIgniter\CodeIgniter))
14 FCPATH\index.php(56): CodeIgniter\Boot::bootWeb(Object(Config\Paths))
CRITICAL - 2025-04-11 01:13:07 --> [Caused by] mysqli_sql_exception: You have an error in your SQL syntax; check the manual that corresponds to your MariaDB server version for the right syntax to use near ') VALUES ('elvergalaranashe07@gmail.com', '02bef81c1f2922e8d711ca2d95e248579c...' at line 1
in SYSTEMPATH\Database\MySQLi\Connection.php on line 312.
 1 SYSTEMPATH\Database\MySQLi\Connection.php(312): mysqli->query('INSERT INTO `invitaciones` (`email`, `token`, `fecha_expiracion`, `id_rol`, `estado`, `created_at`, ) VALUES (\'elvergalaranashe07@gmail.com\', \'02bef81c1f2922e8d711ca2d95e248579c11d01b83fb2ecd56e4a6b94a9a2bba\', \'2025-04-18 01:13:07\', \'2\', \'pendiente\', \'2025-04-11 01:13:07\', \'2025-04-11 01:13:07\')', 0)
 2 SYSTEMPATH\Database\BaseConnection.php(734): CodeIgniter\Database\MySQLi\Connection->execute('INSERT INTO `invitaciones` (`email`, `token`, `fecha_expiracion`, `id_rol`, `estado`, `created_at`, ) VALUES (\'elvergalaranashe07@gmail.com\', \'02bef81c1f2922e8d711ca2d95e248579c11d01b83fb2ecd56e4a6b94a9a2bba\', \'2025-04-18 01:13:07\', \'2\', \'pendiente\', \'2025-04-11 01:13:07\', \'2025-04-11 01:13:07\')')
 3 SYSTEMPATH\Database\BaseConnection.php(648): CodeIgniter\Database\BaseConnection->simpleQuery('INSERT INTO `invitaciones` (`email`, `token`, `fecha_expiracion`, `id_rol`, `estado`, `created_at`, ) VALUES (\'elvergalaranashe07@gmail.com\', \'02bef81c1f2922e8d711ca2d95e248579c11d01b83fb2ecd56e4a6b94a9a2bba\', \'2025-04-18 01:13:07\', \'2\', \'pendiente\', \'2025-04-11 01:13:07\', \'2025-04-11 01:13:07\')')
 4 SYSTEMPATH\Database\BaseBuilder.php(2340): CodeIgniter\Database\BaseConnection->query('INSERT INTO `invitaciones` (`email`, `token`, `fecha_expiracion`, `id_rol`, `estado`, `created_at`, ) VALUES (:email:, :token:, :fecha_expiracion:, :id_rol:, :estado:, :created_at:, ::)', [...], false)
 5 SYSTEMPATH\Model.php(394): CodeIgniter\Database\BaseBuilder->insert()
 6 SYSTEMPATH\BaseModel.php(840): CodeIgniter\Model->doInsert([...])
 7 SYSTEMPATH\Model.php(802): CodeIgniter\BaseModel->insert([...], true)
 8 APPPATH\Models\InvitacionModel.php(30): CodeIgniter\Model->insert([...])
 9 APPPATH\Controllers\Admin.php(79): App\Models\InvitacionModel->crearInvitacion('elvergalaranashe07@gmail.com', '2')
10 SYSTEMPATH\CodeIgniter.php(933): App\Controllers\Admin->enviarInvitacion()
11 SYSTEMPATH\CodeIgniter.php(509): CodeIgniter\CodeIgniter->runController(Object(App\Controllers\Admin))
12 SYSTEMPATH\CodeIgniter.php(355): CodeIgniter\CodeIgniter->handleRequest(null, Object(Config\Cache), false)
13 SYSTEMPATH\Boot.php(325): CodeIgniter\CodeIgniter->run()
14 SYSTEMPATH\Boot.php(67): CodeIgniter\Boot::runCodeIgniter(Object(CodeIgniter\CodeIgniter))
15 FCPATH\index.php(56): CodeIgniter\Boot::bootWeb(Object(Config\Paths))
ERROR - 2025-04-11 01:14:29 --> mysqli_sql_exception: Unknown column 'updated_at' in 'field list' in C:\xampp\htdocs\Tesina\system\Database\MySQLi\Connection.php:312
Stack trace:
#0 C:\xampp\htdocs\Tesina\system\Database\MySQLi\Connection.php(312): mysqli->query('INSERT INTO `in...', 0)
#1 C:\xampp\htdocs\Tesina\system\Database\BaseConnection.php(734): CodeIgniter\Database\MySQLi\Connection->execute('INSERT INTO `in...')
#2 C:\xampp\htdocs\Tesina\system\Database\BaseConnection.php(648): CodeIgniter\Database\BaseConnection->simpleQuery('INSERT INTO `in...')
#3 C:\xampp\htdocs\Tesina\system\Database\BaseBuilder.php(2340): CodeIgniter\Database\BaseConnection->query('INSERT INTO `in...', Array, false)
#4 C:\xampp\htdocs\Tesina\system\Model.php(394): CodeIgniter\Database\BaseBuilder->insert()
#5 C:\xampp\htdocs\Tesina\system\BaseModel.php(840): CodeIgniter\Model->doInsert(Array)
#6 C:\xampp\htdocs\Tesina\system\Model.php(802): CodeIgniter\BaseModel->insert(Array, true)
#7 C:\xampp\htdocs\Tesina\app\Models\InvitacionModel.php(30): CodeIgniter\Model->insert(Array)
#8 C:\xampp\htdocs\Tesina\app\Controllers\Admin.php(79): App\Models\InvitacionModel->crearInvitacion('elvergalaranash...', '2')
#9 C:\xampp\htdocs\Tesina\system\CodeIgniter.php(933): App\Controllers\Admin->enviarInvitacion()
#10 C:\xampp\htdocs\Tesina\system\CodeIgniter.php(509): CodeIgniter\CodeIgniter->runController(Object(App\Controllers\Admin))
#11 C:\xampp\htdocs\Tesina\system\CodeIgniter.php(355): CodeIgniter\CodeIgniter->handleRequest(NULL, Object(Config\Cache), false)
#12 C:\xampp\htdocs\Tesina\system\Boot.php(325): CodeIgniter\CodeIgniter->run()
#13 C:\xampp\htdocs\Tesina\system\Boot.php(67): CodeIgniter\Boot::runCodeIgniter(Object(CodeIgniter\CodeIgniter))
#14 C:\xampp\htdocs\Tesina\public\index.php(56): CodeIgniter\Boot::bootWeb(Object(Config\Paths))
#15 {main}
CRITICAL - 2025-04-11 01:14:29 --> CodeIgniter\Database\Exceptions\DatabaseException: Unknown column 'updated_at' in 'field list'
[Method: POST, Route: admin/enviarInvitacion]
in SYSTEMPATH\Database\BaseConnection.php on line 688.
 1 SYSTEMPATH\Database\BaseBuilder.php(2340): CodeIgniter\Database\BaseConnection->query('INSERT INTO `invitaciones` (`email`, `token`, `fecha_expiracion`, `id_rol`, `estado`, `created_at`, `updated_at`) VALUES (:email:, :token:, :fecha_expiracion:, :id_rol:, :estado:, :created_at:, :updated_at:)', [...], false)
 2 SYSTEMPATH\Model.php(394): CodeIgniter\Database\BaseBuilder->insert()
 3 SYSTEMPATH\BaseModel.php(840): CodeIgniter\Model->doInsert([...])
 4 SYSTEMPATH\Model.php(802): CodeIgniter\BaseModel->insert([...], true)
 5 APPPATH\Models\InvitacionModel.php(30): CodeIgniter\Model->insert([...])
 6 APPPATH\Controllers\Admin.php(79): App\Models\InvitacionModel->crearInvitacion('elvergalaranashe07@gmail.com', '2')
 7 SYSTEMPATH\CodeIgniter.php(933): App\Controllers\Admin->enviarInvitacion()
 8 SYSTEMPATH\CodeIgniter.php(509): CodeIgniter\CodeIgniter->runController(Object(App\Controllers\Admin))
 9 SYSTEMPATH\CodeIgniter.php(355): CodeIgniter\CodeIgniter->handleRequest(null, Object(Config\Cache), false)
10 SYSTEMPATH\Boot.php(325): CodeIgniter\CodeIgniter->run()
11 SYSTEMPATH\Boot.php(67): CodeIgniter\Boot::runCodeIgniter(Object(CodeIgniter\CodeIgniter))
12 FCPATH\index.php(56): CodeIgniter\Boot::bootWeb(Object(Config\Paths))
CRITICAL - 2025-04-11 01:14:29 --> [Caused by] CodeIgniter\Database\Exceptions\DatabaseException: Unknown column 'updated_at' in 'field list'
in SYSTEMPATH\Database\MySQLi\Connection.php on line 317.
 1 SYSTEMPATH\Database\BaseConnection.php(734): CodeIgniter\Database\MySQLi\Connection->execute('INSERT INTO `invitaciones` (`email`, `token`, `fecha_expiracion`, `id_rol`, `estado`, `created_at`, `updated_at`) VALUES (\'elvergalaranashe07@gmail.com\', \'21de223ebccffff3b82ace2292193f31a744fffa3f0b69168991532a99053987\', \'2025-04-18 01:14:29\', \'2\', \'pendiente\', \'2025-04-11 01:14:29\', \'2025-04-11 01:14:29\')')
 2 SYSTEMPATH\Database\BaseConnection.php(648): CodeIgniter\Database\BaseConnection->simpleQuery('INSERT INTO `invitaciones` (`email`, `token`, `fecha_expiracion`, `id_rol`, `estado`, `created_at`, `updated_at`) VALUES (\'elvergalaranashe07@gmail.com\', \'21de223ebccffff3b82ace2292193f31a744fffa3f0b69168991532a99053987\', \'2025-04-18 01:14:29\', \'2\', \'pendiente\', \'2025-04-11 01:14:29\', \'2025-04-11 01:14:29\')')
 3 SYSTEMPATH\Database\BaseBuilder.php(2340): CodeIgniter\Database\BaseConnection->query('INSERT INTO `invitaciones` (`email`, `token`, `fecha_expiracion`, `id_rol`, `estado`, `created_at`, `updated_at`) VALUES (:email:, :token:, :fecha_expiracion:, :id_rol:, :estado:, :created_at:, :updated_at:)', [...], false)
 4 SYSTEMPATH\Model.php(394): CodeIgniter\Database\BaseBuilder->insert()
 5 SYSTEMPATH\BaseModel.php(840): CodeIgniter\Model->doInsert([...])
 6 SYSTEMPATH\Model.php(802): CodeIgniter\BaseModel->insert([...], true)
 7 APPPATH\Models\InvitacionModel.php(30): CodeIgniter\Model->insert([...])
 8 APPPATH\Controllers\Admin.php(79): App\Models\InvitacionModel->crearInvitacion('elvergalaranashe07@gmail.com', '2')
 9 SYSTEMPATH\CodeIgniter.php(933): App\Controllers\Admin->enviarInvitacion()
10 SYSTEMPATH\CodeIgniter.php(509): CodeIgniter\CodeIgniter->runController(Object(App\Controllers\Admin))
11 SYSTEMPATH\CodeIgniter.php(355): CodeIgniter\CodeIgniter->handleRequest(null, Object(Config\Cache), false)
12 SYSTEMPATH\Boot.php(325): CodeIgniter\CodeIgniter->run()
13 SYSTEMPATH\Boot.php(67): CodeIgniter\Boot::runCodeIgniter(Object(CodeIgniter\CodeIgniter))
14 FCPATH\index.php(56): CodeIgniter\Boot::bootWeb(Object(Config\Paths))
CRITICAL - 2025-04-11 01:14:29 --> [Caused by] mysqli_sql_exception: Unknown column 'updated_at' in 'field list'
in SYSTEMPATH\Database\MySQLi\Connection.php on line 312.
 1 SYSTEMPATH\Database\MySQLi\Connection.php(312): mysqli->query('INSERT INTO `invitaciones` (`email`, `token`, `fecha_expiracion`, `id_rol`, `estado`, `created_at`, `updated_at`) VALUES (\'elvergalaranashe07@gmail.com\', \'21de223ebccffff3b82ace2292193f31a744fffa3f0b69168991532a99053987\', \'2025-04-18 01:14:29\', \'2\', \'pendiente\', \'2025-04-11 01:14:29\', \'2025-04-11 01:14:29\')', 0)
 2 SYSTEMPATH\Database\BaseConnection.php(734): CodeIgniter\Database\MySQLi\Connection->execute('INSERT INTO `invitaciones` (`email`, `token`, `fecha_expiracion`, `id_rol`, `estado`, `created_at`, `updated_at`) VALUES (\'elvergalaranashe07@gmail.com\', \'21de223ebccffff3b82ace2292193f31a744fffa3f0b69168991532a99053987\', \'2025-04-18 01:14:29\', \'2\', \'pendiente\', \'2025-04-11 01:14:29\', \'2025-04-11 01:14:29\')')
 3 SYSTEMPATH\Database\BaseConnection.php(648): CodeIgniter\Database\BaseConnection->simpleQuery('INSERT INTO `invitaciones` (`email`, `token`, `fecha_expiracion`, `id_rol`, `estado`, `created_at`, `updated_at`) VALUES (\'elvergalaranashe07@gmail.com\', \'21de223ebccffff3b82ace2292193f31a744fffa3f0b69168991532a99053987\', \'2025-04-18 01:14:29\', \'2\', \'pendiente\', \'2025-04-11 01:14:29\', \'2025-04-11 01:14:29\')')
 4 SYSTEMPATH\Database\BaseBuilder.php(2340): CodeIgniter\Database\BaseConnection->query('INSERT INTO `invitaciones` (`email`, `token`, `fecha_expiracion`, `id_rol`, `estado`, `created_at`, `updated_at`) VALUES (:email:, :token:, :fecha_expiracion:, :id_rol:, :estado:, :created_at:, :updated_at:)', [...], false)
 5 SYSTEMPATH\Model.php(394): CodeIgniter\Database\BaseBuilder->insert()
 6 SYSTEMPATH\BaseModel.php(840): CodeIgniter\Model->doInsert([...])
 7 SYSTEMPATH\Model.php(802): CodeIgniter\BaseModel->insert([...], true)
 8 APPPATH\Models\InvitacionModel.php(30): CodeIgniter\Model->insert([...])
 9 APPPATH\Controllers\Admin.php(79): App\Models\InvitacionModel->crearInvitacion('elvergalaranashe07@gmail.com', '2')
10 SYSTEMPATH\CodeIgniter.php(933): App\Controllers\Admin->enviarInvitacion()
11 SYSTEMPATH\CodeIgniter.php(509): CodeIgniter\CodeIgniter->runController(Object(App\Controllers\Admin))
12 SYSTEMPATH\CodeIgniter.php(355): CodeIgniter\CodeIgniter->handleRequest(null, Object(Config\Cache), false)
13 SYSTEMPATH\Boot.php(325): CodeIgniter\CodeIgniter->run()
14 SYSTEMPATH\Boot.php(67): CodeIgniter\Boot::runCodeIgniter(Object(CodeIgniter\CodeIgniter))
15 FCPATH\index.php(56): CodeIgniter\Boot::bootWeb(Object(Config\Paths))
